328449,0.00,33.03
328649,0.00,33.03
328849,0.00,33.03
329049,0.00,33.03
329249,0.00,33.03
329449,0.00,33.03
329649,0.00,33.03
329849,0.00,33.03
330049,0.00,33.03
330249,0.00,33.03
330449,0.00,33.03
330649,0.00,33.03
330849,0.00,33.03
331049,0.00,33.03
331249,0.00,33.03
331449,0.00,33.03
331649,0.00,33.03
331849,0.00,33.03
332049,0.00,33.03
332249,0.00,33.03
332449,0.00,33.03
332649,0.00,33.03
332849,0.00,33.03
333049,0.00,33.03
333249,0.00,33.03
333449,0.00,33.03
333649,0.00,33.03
333849,0.00,33.03
334049,0.00,33.03
334249,0.00,33.03
334449,0.00,33.03
334649,0.00,33.03
334849,0.00,33.03
335049,0.00,33.03
335249,0.00,33.03
335449,0.00,33.03
335649,0.00,33.03
335849,0.00,33.03
336049,0.00,33.03
336249,0.00,33.03
336449,0.00,33.03
336649,0.00,33.03
336849,0.00,33.03
337049,0.00,33.03
337249,0.00,33.03
337449,0.00,33.03
337649,0.00,33.03
337849,0.00,33.03
338049,0.00,33.03
338249,0.00,33.03
338449,0.00,33.03
338649,0.00,33.03
338849,0.00,33.03
339049,0.00,33.03
339249,0.00,33.03
339449,0.00,33.03
339649,0.00,33.03
339849,0.00,33.03
340049,0.00,33.03
340249,0.00,33.03
340449,0.00,33.03
340649,0.00,33.03
340849,0.00,33.03
341049,0.00,33.03
341249,0.00,33.03
341449,0.00,33.03
341649,0.00,33.03
341849,0.00,33.03
342049,0.00,33.03
342249,0.00,33.03
342449,0.00,33.03
342649,0.00,33.03
342849,0.00,33.03
343049,0.00,33.03
343249,0.00,33.03
343449,0.00,33.03
343649,0.00,33.03
343849,0.00,33.03
344049,0.00,33.03
344249,0.00,33.03
344449,0.00,33.03
344649,0.00,33.03
344849,0.00,33.03
345049,0.00,33.03
345249,0.00,33.03
345449,0.00,33.03
345649,0.00,33.03
345849,0.00,33.03
346049,0.00,33.03
346249,0.00,33.03
346449,0.00,33.03
346649,0.00,33.03
346849,0.00,33.03
347049,0.00,33.03
347249,0.00,33.03
347449,0.00,33.03
347649,0.00,33.03
347849,0.00,33.03
348049,0.00,33.03
348249,0.00,33.03
348449,0.00,33.03
348649,0.00,33.03
348849,0.00,33.03
349049,0.00,33.03
349249,0.00,33.03
349449,0.00,33.03
349649,0.00,33.03
349849,0.00,33.03
350049,0.00,33.03
350249,0.00,33.03
350449,0.00,33.03
350649,0.00,33.03
350849,0.00,33.03
351049,0.00,33.03
351249,0.00,33.03
351449,0.00,33.03
351649,0.00,33.03
351849,0.00,33.03
352049,0.00,33.03
352249,0.00,33.03
352449,0.00,33.03
352649,0.00,33.03
352849,0.00,33.03
353049,0.00,33.03
353249,0.00,33.03
353449,0.00,33.03
353649,0.00,33.03
353849,0.00,33.03
354049,0.00,33.03
354249,0.00,33.03
354449,0.00,33.03
354649,0.00,33.03
354849,0.00,33.03
355049,0.00,33.03
355249,0.00,33.03
355449,0.00,33.03
355649,0.00,33.03
355849,0.00,33.03
356049,0.00,33.03
356249,0.00,33.03
356449,0.00,33.03
356649,0.00,33.03
356849,0.00,33.03
357049,0.00,33.03
357249,0.00,33.03
357449,0.00,33.03
357649,0.00,33.03
357849,0.00,33.03
358049,0.00,33.03
358249,0.00,33.03
358449,0.00,33.03
358649,0.00,33.03
358849,0.00,33.03
359049,0.00,33.03
359249,0.00,33.03
359449,0.00,33.03
359649,0.00,33.03
359849,0.00,33.03
360049,0.00,33.03
360249,0.00,33.03
360449,0.00,33.03
360649,0.00,33.03
360849,0.00,33.03
361049,0.00,33.03
361249,0.00,33.03
361449,0.00,33.03
361649,0.00,33.03
361849,0.00,33.03
362049,0.00,33.03
362249,0.00,33.03
362449,0.00,33.03
362649,0.00,33.03
362849,0.00,33.03
363049,0.00,33.03
363249,0.00,33.03
363449,0.00,33.03
363649,0.00,33.03
363849,0.00,33.03
364049,0.00,33.03
364249,0.00,33.03
364449,0.00,33.03
364649,0.00,33.03
364849,0.00,33.03
365049,0.00,33.03
365249,0.00,33.03
365449,0.00,33.03
365649,0.00,33.03
365849,0.00,33.03
366049,0.00,33.03
366249,0.00,33.03
366449,0.00,33.03
366649,0.00,33.03
366849,0.00,33.03
367049,0.00,33.03
367249,0.00,33.03
367449,0.00,33.03
367649,0.00,33.03
367849,0.00,33.03
368049,0.00,33.03
368249,0.00,33.03
368449,0.00,33.03
368649,0.00,33.03
368849,0.00,33.03
369049,0.00,33.03
369249,0.00,33.03
369449,0.00,33.03
369649,0.00,33.03
369849,0.00,33.03
370049,0.00,33.03
370249,0.00,33.03
370449,0.00,33.03
370649,0.00,33.03
370849,0.00,33.03
371049,0.00,33.03
371249,0.00,33.03
371449,0.00,33.03
371649,0.00,33.03
371849,0.00,33.03
372049,0.00,33.03
372249,0.00,33.03
372449,0.00,33.03
372649,0.00,33.03
372849,0.00,33.03
373049,0.00,33.03
373249,0.00,33.03
373449,0.00,33.03
373649,0.00,33.03
373849,0.00,33.03
374049,0.00,33.03
374249,0.00,33.03
374449,0.00,33.03
374649,0.00,33.03
374849,0.00,33.03
375049,0.00,33.03
375249,0.00,33.03
375449,0.00,33.03
375649,0.00,33.03
375849,0.00,33.03
376049,0.00,33.03
376249,0.00,33.03
376449,0.00,33.03
376649,0.00,33.03
376849,0.00,33.03
377049,0.00,33.03
377249,0.00,33.03
377449,0.00,33.03
377649,0.00,33.03
377849,0.00,33.03
378049,0.00,33.03
378249,0.00,33.03
378449,0.00,33.03
378649,0.00,33.03
378849,0.00,33.03
379049,0.00,33.03
379249,0.00,33.03
379449,0.00,33.03
379649,0.00,33.03
379849,0.00,33.03
380049,0.00,33.03
380249,0.00,33.03
380449,0.00,33.03
380649,0.00,33.03
380849,0.00,33.03
381049,0.00,33.03
381249,0.00,33.03
381449,0.00,33.03
381649,0.00,33.03
381849,0.00,33.03
382049,0.00,33.03
382249,0.00,33.03
382449,0.00,33.03
382649,0.00,33.03
382849,0.00,33.03
383049,0.00,33.03
383249,0.00,33.03
383449,0.00,33.03
383649,0.00,33.03
383849,0.00,33.03
384049,0.00,33.03
384249,0.00,33.03
384449,0.00,33.03
384649,0.00,33.03
384849,0.00,33.03
385049,0.00,33.03
385249,0.00,33.03
385449,0.00,33.03
385649,0.00,33.03
385849,0.00,33.03
386049,0.00,33.03
386249,0.00,33.03
386449,0.00,33.03
386649,0.00,33.03
386849,0.00,33.03
387049,0.00,33.03
387249,0.00,33.03
387449,0.00,33.03
387649,0.00,33.03
387849,0.00,33.03
388049,0.00,33.03
388249,0.00,33.03
388449,0.00,33.03
388649,0.00,33.03
388849,0.00,33.03
389049,0.00,33.03
389249,0.00,33.03
389449,0.00,33.03
389649,0.00,33.03
389849,0.00,33.03
390049,0.00,33.03
390249,0.00,33.03
390449,0.00,33.03
390649,0.00,33.03
390849,0.00,33.03
391049,0.00,33.03
391249,0.00,33.03
391449,0.00,33.03
391649,0.00,33.03
391849,0.00,33.03
392049,0.00,33.03
392249,0.00,33.03
392449,0.00,33.03
392649,0.00,33.03
392849,0.00,33.03
393049,0.00,33.03
393249,0.00,33.03
393449,0.00,33.03
393649,0.00,33.03
393849,0.00,33.03
394049,0.00,33.03
394249,0.00,33.03
394449,0.00,33.03
394649,0.00,33.03
394849,0.00,33.03
395049,0.00,33.03
395249,0.00,33.03
395449,0.00,33.03
395649,0.00,33.03
395849,0.00,33.03
396049,0.00,33.03
396249,0.00,33.03
396449,0.00,33.03
396649,0.00,33.03
396849,0.00,33.03
397049,0.00,33.03
397249,0.00,33.03
397449,0.00,33.03
397649,0.00,33.03
397849,0.00,33.03
398049,0.00,33.03
398249,0.00,33.03
398449,0.00,33.03
398649,0.00,33.03
398849,0.00,33.03
399049,0.00,33.03
399249,0.00,33.03
399449,0.00,33.03
399649,0.00,33.03
399849,0.00,33.03
400049,0.00,33.03
400249,0.00,33.03
400449,0.00,33.03
400649,0.00,33.03
400849,0.00,33.03
401049,0.00,33.03
401249,0.00,33.03
401449,0.00,33.03
401649,0.00,33.03
401849,0.00,33.03
402049,0.00,33.03
402249,0.00,33.03
402449,0.00,33.03
402649,0.00,33.03
402849,0.00,33.03
403049,0.00,33.03
403249,0.00,33.03
403449,0.00,33.03
403649,0.00,33.03
403849,0.00,33.03
404049,0.00,33.03
404249,0.00,33.03
404449,0.00,33.03
404649,0.00,33.03
404849,0.00,33.03
405049,0.00,33.03
405249,0.00,33.03
405449,0.00,33.03
405649,0.00,33.03
405849,0.00,33.03
406049,0.00,33.03
406249,0.00,33.03
406449,0.00,33.03
406649,0.00,33.03
406849,0.00,33.03
407049,0.00,33.03
407249,0.00,33.03
407449,0.00,33.03
407649,0.00,33.03
407849,0.00,33.03
408049,0.00,33.03
408249,0.00,33.03
408449,0.00,33.03
408649,0.00,33.03
408849,0.00,33.03
409049,0.00,33.03
409249,0.00,33.03
409449,0.00,33.03
409649,0.00,33.03
409849,0.00,33.03
410049,0.00,33.03
410249,0.00,33.03
410449,0.00,33.03
410649,0.00,33.03
410849,0.00,33.03
411049,0.00,33.03
411249,0.00,33.03
411449,0.00,33.03
411649,0.00,33.03
411849,0.00,33.03
412049,0.00,33.03
412249,0.00,33.03
412449,0.00,33.03
412649,0.00,33.03
412849,0.00,33.03
413049,0.00,33.03
413249,0.00,33.03
413449,0.00,33.03
413649,0.00,33.03
413849,0.00,33.03
414049,0.00,33.03
414249,0.00,33.03
414449,0.00,33.03
414649,0.00,33.03
414849,0.00,33.03
415049,0.00,33.03
415249,0.00,33.03
415449,0.00,33.03
415649,0.00,33.03
415849,0.00,33.03
416049,0.00,33.03
416249,0.00,33.03
416449,0.00,33.03
416649,0.00,33.03
416849,0.00,33.03
417049,0.00,33.03
417249,0.00,33.03
417449,0.00,33.03
417649,0.00,33.03
417849,0.00,33.03
418049,0.00,33.03
418249,0.00,33.03
418449,0.00,33.03
418649,0.00,33.03
418849,0.00,33.03
419049,0.00,33.03
419249,0.00,33.03
419449,0.00,33.03
419649,0.00,33.03
419849,0.00,33.03
420049,0.00,33.03
420249,0.00,33.03
420449,0.00,33.03
420649,0.00,33.03
420849,0.00,33.03
421049,0.00,33.03
421249,0.00,33.03
421449,0.00,33.03
421649,0.00,33.03
421849,0.00,33.03
422049,0.00,33.03
422249,0.00,33.03
422449,0.00,33.03
422649,0.00,33.03
422849,0.00,33.03
423049,0.00,33.03
423249,0.00,33.03
423449,0.00,33.03
Auto control 1
423654,0.00,33.03
423855,2.00,33.03
424055,4.00,33.03
424255,6.00,33.03
424455,8.00,33.03
424655,10.00,33.03
424855,12.00,38.71
425055,14.00,120.93
425255,16.00,218.25
425455,18.00,299.67
425655,20.00,360.75
425855,22.00,403.88
426055,24.00,441.89
426255,26.00,469.26
426455,28.00,498.50
426655,30.00,527.98
426855,32.00,552.18
427055,34.00,572.08
427255,36.00,596.30
427455,38.00,618.05
427655,40.00,646.83
427855,42.00,670.24
428055,44.00,702.74
428255,46.00,733.68
428455,48.00,744.60
428655,50.00,773.99
428855,52.00,811.03
429055,54.00,822.37
429255,56.00,858.37
429455,58.00,871.08
429655,60.00,909.92
429855,60.00,944.29
430055,60.00,948.77
430255,60.00,946.07
430455,60.00,951.47
430655,60.00,932.84
430855,60.00,945.18
431055,60.00,950.57
431255,60.00,946.97
431455,60.00,925.93
431655,60.00,928.51
431855,60.00,945.18
432055,60.00,929.37
432255,60.00,928.51
432455,60.00,942.51
432655,60.00,928.51
432855,60.00,929.37
433055,60.00,954.20
433255,60.00,927.64
433455,60.00,945.18
433655,60.00,945.18
433855,60.00,929.37
434055,60.00,928.51
434255,60.00,946.97
434455,60.00,943.40
434655,60.00,943.40
434855,0.00,953.29
435055,0.00,638.16
435255,0.00,475.06
435455,0.00,401.12
435655,0.00,359.45
435855,0.00,332.45
436055,0.00,315.06
436255,0.00,304.41
436455,0.00,299.31
436655,0.00,294.81
436855,0.00,290.70
437055,0.00,288.93
437255,0.00,287.60
437455,0.00,287.19
437655,0.00,284.66
437855,0.00,284.41
438055,0.00,283.05
438255,0.00,283.13
438455,0.00,281.85
438655,0.00,281.53
438855,0.00,283.21
439055,0.00,282.81
439255,0.00,285.23
439455,0.00,284.90
439655,0.00,284.17
439855,0.00,285.39
440055,0.00,286.78
440255,0.00,285.31
440455,0.00,283.37
440655,0.00,286.45
440855,0.00,284.90
441055,0.00,285.47
441255,0.00,285.31
441455,0.00,283.69
441655,0.00,283.29
441855,0.00,283.29
442055,0.00,284.09
442255,0.00,282.65
442455,0.00,282.25
442655,0.00,282.41
442855,0.00,281.69
443055,0.00,281.37
443255,0.00,281.37
443455,0.00,281.77
443655,0.00,285.23
443855,0.00,284.58
444055,0.00,283.85
444255,0.00,285.80
444455,0.00,284.58
444655,0.00,283.13
444855,0.00,282.49
445055,0.00,283.05
445255,0.00,285.31
445455,0.00,285.06
445655,0.00,284.09
445855,0.00,283.93
446055,0.00,284.17
446255,0.00,284.17
446455,0.00,282.25
446655,0.00,281.69
446855,0.00,282.09
447055,0.00,281.37
447255,0.00,283.29
447455,0.00,281.93
447655,0.00,285.23
447855,0.00,285.06
448055,0.00,284.09
448255,0.00,284.25
448455,0.00,286.12
448655,0.00,285.55
448855,0.00,284.09
449055,0.00,285.71
449255,0.00,286.12
449455,0.00,284.50
449655,0.00,282.89
449855,0.00,284.50
450055,0.00,286.12
450255,0.00,283.21
450455,0.00,273.00
450655,0.00,254.19
450855,0.00,231.96
451055,0.00,212.36
451255,0.00,192.12
451455,0.00,173.25
451655,0.00,156.40
451855,0.00,140.94
452055,0.00,124.41
452255,0.00,113.51
452455,0.00,102.54
452655,0.00,92.46
452855,0.00,83.33
453055,0.00,73.68
453255,0.00,64.43
453455,0.00,58.64
453655,0.00,26.60
453855,0.00,44.71
454055,0.00,46.87
454255,0.00,33.98
454455,0.00,33.98
454655,0.00,33.98
454855,0.00,33.98
455055,0.00,33.98
455255,0.00,33.98
455455,0.00,33.98
455655,0.00,33.98
455855,0.00,33.98
456055,0.00,33.98
456255,0.00,33.98
456455,0.00,33.98
456655,0.00,33.98
456855,0.00,33.98
457055,0.00,33.98
457255,0.00,33.98
457455,0.00,33.98
457655,0.00,33.98
457855,0.00,33.98
458055,0.00,33.98
458255,0.00,33.98
458455,0.00,33.98
458655,0.00,33.98
458855,0.00,33.98
459055,0.00,33.98
459255,0.00,33.98
459455,0.00,33.98
459655,0.00,33.98
459855,0.00,33.98
460055,0.00,33.98
460255,0.00,33.98
460455,0.00,33.98
460655,0.00,33.98
460855,0.00,33.98
461055,0.00,33.98
461255,0.00,33.98
461455,0.00,33.98
461655,0.00,33.98
461855,0.00,33.98
462055,0.00,33.98
462255,0.00,33.98
462455,0.00,33.98
462655,0.00,33.98
462855,0.00,33.98
463055,0.00,33.98
463255,0.00,33.98
463455,0.00,33.98
463655,0.00,33.98
463855,0.00,33.98
464055,0.00,33.98
464255,0.00,33.98
464455,0.00,33.98
464655,0.00,33.98
464855,0.00,33.98
465055,0.00,33.98
465255,0.00,33.98
465455,0.00,33.98
465655,0.00,33.98
465855,0.00,33.98
466055,0.00,33.98
466255,0.00,33.98
466455,0.00,33.98
466655,0.00,33.98
466855,0.00,33.98
467055,0.00,33.98
467255,0.00,33.98
467455,0.00,33.98
467655,0.00,33.98
467855,0.00,33.98
468055,0.00,33.98
468255,0.00,33.98
468455,0.00,33.98
468655,0.00,33.98
468855,0.00,33.98
469055,0.00,33.98
469255,0.00,33.98
469455,0.00,33.98
469655,0.00,33.98
469855,0.00,33.98
470055,0.00,33.98
470255,0.00,33.98
470455,0.00,33.98
470655,0.00,33.98
470855,0.00,33.98
