81231,1000.00,1.78
81331,1000.00,1.78
81431,1000.00,1.78
81531,1000.00,1.78
81631,1000.00,1.78
81731,1000.00,1.78
81831,1000.00,1.78
81931,1000.00,1.78
82031,1000.00,1.78
82131,1000.00,1.78
82231,1000.00,1.78
82331,1000.00,1.78
82431,1000.00,1.78
82531,1000.00,1.78
82631,1000.00,1.78
82731,1000.00,1.78
82831,1000.00,1.78
82931,1000.00,1.78
83031,1000.00,1.78
83131,1000.00,1.78
83231,1000.00,1.78
83331,1000.00,1.78
83431,1000.00,1.78
83531,1000.00,1.78
83631,1000.00,1.78
83731,1000.00,1.78
83831,1000.00,1.78
83931,1000.00,1.78
84031,1000.00,1.78
84131,1000.00,1.78
84231,1000.00,1.78
84331,1000.00,1.78
84431,1000.00,1.78
84531,1000.00,1.78
84631,1000.00,1.78
84731,1000.00,1.78
84831,1000.00,1.78
84931,1000.00,1.78
85031,1000.00,1.78
85131,1000.00,1.78
85231,1000.00,1.78
85331,1000.00,1.78
85431,1000.00,1.78
85531,1000.00,1.78
85631,1000.00,1.78
85731,1000.00,1.78
85831,1000.00,1.78
85931,1000.00,1.78
86031,1000.00,1.78
86131,1000.00,1.78
86231,1000.00,1.78
86331,1000.00,1.78
86431,1000.00,1.78
86531,1000.00,1.78
86631,1000.00,1.78
86731,1000.00,1.78
86831,1000.00,1.78
86931,1000.00,1.78
87031,1000.00,1.78
87131,1000.00,1.78
87231,1000.00,1.78
87331,1000.00,1.78
87431,1000.00,1.78
87531,1000.00,1.78
87631,1000.00,1.78
87731,1000.00,1.78
87831,1000.00,1.78
87931,1000.00,1.78
88031,1000.00,1.78
88131,1000.00,1.78
88231,1000.00,1.78
88331,1000.00,1.78
88431,1000.00,1.78
88531,1000.00,1.78
88631,1000.00,1.78
88731,1000.00,1.78
88831,1000.00,1.78
88931,1000.00,1.78
89031,1000.00,1.78
89131,1000.00,1.78
89231,1000.00,1.78
89331,1000.00,1.78
89431,1000.00,1.78
89531,1000.00,1.78
89631,1000.00,1.78
89731,1000.00,1.78
89831,1000.00,1.78
89931,1000.00,1.78
90031,1000.00,1.78
90131,1000.00,1.78
90231,1000.00,1.78
90331,1000.00,1.78
90431,1000.00,1.78
90531,1000.00,1.78
90631,1000.00,1.78
90731,1000.00,1.78
90831,1000.00,1.78
90931,1000.00,1.78
91031,1000.00,1.78
91131,1000.00,1.78
91231,1000.00,1.78
91331,1000.00,1.78
91431,1000.00,1.78
91531,1000.00,1.78
91631,1000.00,1.78
91731,1000.00,1.78
91831,1000.00,1.78
91931,1000.00,1.78
92031,1000.00,1.78
92131,1000.00,1.78
92231,1000.00,1.78
92331,1000.00,1.78
92431,1000.00,1.78
92531,1000.00,1.78
92631,1000.00,1.78
92731,1000.00,1.78
92831,1000.00,1.78
92931,1000.00,1.78
93031,1000.00,1.78
93131,1000.00,1.78
93231,1000.00,1.78
93331,1000.00,1.78
93431,1000.00,1.78
93531,1000.00,1.78
93631,1000.00,1.78
93731,1000.00,1.78
93831,1000.00,1.78
93931,1000.00,1.78
94031,1000.00,1.78
94131,1000.00,1.78
94231,1000.00,1.78
94331,1000.00,1.78
94431,1000.00,1.78
94531,1000.00,1.78
94631,1000.00,1.78
94734,1100.00,1.78
94834,1100.00,0.05
94934,1100.00,104.65
95034,1100.00,148.92
95134,1100.00,200.28
95234,1100.00,245.16
95334,1100.00,275.18
95434,1100.00,294.64
95534,1100.00,314.07
95634,1100.00,324.99
95734,1100.00,333.00
95834,1100.00,341.65
95934,1100.00,349.77
96034,1100.00,352.98
96134,1100.00,357.40
96234,1100.00,356.13
96334,1100.00,359.20
96434,1100.00,363.37
96534,1100.00,364.96
96634,1100.00,365.23
96734,1100.00,365.50
96834,1100.00,364.30
96934,1100.00,367.11
97034,1100.00,364.43
97134,1100.00,369.41
97234,1100.00,366.17
97334,1100.00,369.41
97434,1100.00,367.65
97534,1100.00,370.92
97634,1100.00,368.60
97734,1100.00,370.37
97834,1100.00,369.96
97934,1100.00,369.14
98034,1100.00,371.89
98134,1100.00,368.46
98234,1100.00,371.89
98334,1100.00,369.28
98434,1100.00,371.06
98534,1100.00,370.23
98634,1100.00,369.28
98734,1100.00,371.75
98834,1100.00,369.41
98934,1100.00,371.61
99034,1100.00,369.28
99134,1100.00,369.69
99234,1100.00,371.75
99337,1200.00,371.47
99437,1200.00,440.72
99537,1200.00,618.81
99637,1200.00,718.91
99737,1200.00,800.64
99837,1200.00,845.31
99937,1200.00,893.66
100037,1200.00,907.44
100137,1200.00,931.97
100237,1200.00,946.07
100337,1200.00,958.77
100437,1200.00,963.39
100537,1200.00,970.87
100637,1200.00,983.28
100737,1200.00,990.10
100837,1200.00,984.25
100937,1200.00,980.39
101037,1200.00,981.35
101137,1200.00,991.08
101237,1200.00,995.02
101337,1200.00,992.06
101437,1200.00,989.12
101537,1200.00,986.19
101637,1200.00,987.17
101737,1200.00,995.02
101837,1200.00,987.17
101937,1200.00,996.02
102037,1200.00,995.02
102137,1200.00,1006.04
102237,1200.00,988.14
102337,1200.00,1001.00
102437,1200.00,992.06
102537,1200.00,1005.03
102637,1200.00,999.00
102737,1200.00,1000.00
102837,1200.00,1011.12
102937,1200.00,996.02
103037,1200.00,1006.04
103137,1200.00,1009.08
103237,1200.00,994.04
103337,1200.00,1008.06
103437,1200.00,1001.00
103537,1200.00,1006.04
103637,1200.00,1008.06
103737,1200.00,993.05
103837,1200.00,1000.00
103940,1300.00,993.05
104040,1300.00,1038.42
104140,1300.00,1127.40
104240,1300.00,1177.86
104340,1300.00,1230.01
104440,1300.00,1253.13
104540,1300.00,1264.22
104640,1300.00,1269.04
104740,1300.00,1290.32
104840,1300.00,1283.70
104940,1300.00,1283.70
105040,1300.00,1287.00
105140,1300.00,1293.66
105240,1300.00,1290.32
105340,1300.00,1297.02
105440,1300.00,1288.66
105540,1300.00,1291.99
105640,1300.00,1290.32
105740,1300.00,1293.66
105840,1300.00,1291.99
105940,1300.00,1298.70
106040,1300.00,1291.99
106140,1300.00,1290.32
106240,1300.00,1288.66
106340,1300.00,1291.99
106440,1300.00,1293.66
106540,1300.00,1290.32
106640,1300.00,1293.66
106740,1300.00,1298.70
106840,1300.00,1302.08
106940,1300.00,1314.06
107040,1300.00,1307.19
107140,1300.00,1329.79
107240,1300.00,1319.26
107340,1300.00,1321.00
107440,1300.00,1326.26
107540,1300.00,1328.02
107640,1300.00,1326.26
107740,1300.00,1331.56
107840,1300.00,1326.26
107940,1300.00,1329.79
108040,1300.00,1324.50
108140,1300.00,1326.26
108240,1300.00,1329.79
108340,1300.00,1331.56
108440,1300.00,1345.90
108540,1300.00,1335.11
108640,1300.00,1340.48
108740,1300.00,1340.48
108840,1300.00,1336.90
108940,1300.00,1331.56
109040,1300.00,1333.33
109140,1300.00,1324.50
109240,1300.00,1328.02
109340,1300.00,1329.79
109440,1300.00,1338.69
109540,1300.00,1331.56
109640,1300.00,1338.69
109740,1300.00,1338.69
109840,1300.00,1338.69
109940,1300.00,1338.69
110040,1300.00,1329.79
110140,1300.00,1326.26
110240,1300.00,1331.56
110340,1300.00,1333.33
110440,1300.00,1324.50
110540,1300.00,1335.11
110640,1300.00,1344.09
110740,1300.00,1338.69
110840,1300.00,1336.90
110940,1300.00,1345.90
111040,1300.00,1336.90
111140,1300.00,1335.11
111240,1300.00,1333.33
TogglePRBSsignal
111346,1400.00,1333.33
111446,1400.00,1355.01
111546,1400.00,1390.82
111646,1300.00,1422.48
111746,1400.00,1404.49
111846,1400.00,1396.65
111946,1300.00,1416.43
112046,1400.00,1404.49
112146,1400.00,1394.70
112246,1400.00,1422.48
112346,1400.00,1432.66
112446,1400.00,1443.00
112546,1300.00,1449.28
112646,1400.00,1420.45
112746,1300.00,1404.49
112846,1300.00,1412.43
112946,1400.00,1369.86
113046,1300.00,1379.31
113146,1400.00,1377.41
113246,1400.00,1381.22
113346,1400.00,1410.44
113446,1300.00,1420.45
113546,1400.00,1410.44
113646,1400.00,1398.60
113746,1300.00,1428.57
113846,1300.00,1406.47
113946,1400.00,1373.63
114046,1400.00,1375.52
114146,1300.00,1410.44
114246,1400.00,1410.44
114346,1300.00,1404.49
114446,1400.00,1400.56
114546,1300.00,1388.89
114646,1300.00,1388.89
114746,1300.00,1371.74
114846,1300.00,1340.48
114946,1300.00,1338.69
115046,1300.00,1333.33
115146,1400.00,1312.34
115246,1400.00,1333.33
115346,1400.00,1390.82
115446,1400.00,1410.44
115546,1300.00,1432.66
115646,1400.00,1420.45
115746,1400.00,1412.43
115846,1400.00,1432.66
115946,1400.00,1432.66
116046,1300.00,1445.09
116146,1300.00,1430.62
116246,1400.00,1388.89
116346,1400.00,1381.22
116446,1300.00,1410.44
116546,1400.00,1414.43
116646,1300.00,1410.44
116746,1400.00,1400.56
116846,1400.00,1386.96
116946,1300.00,1422.48
117046,1300.00,1400.56
117146,1300.00,1375.52
117246,1300.00,1358.70
117346,1300.00,1336.90
117446,1400.00,1321.00
117546,1400.00,1344.09
117646,1400.00,1398.60
117746,1300.00,1422.48
117846,1300.00,1402.52
117946,1300.00,1371.74
118046,1400.00,1353.18
118146,1400.00,1367.99
118246,1400.00,1396.65
118346,1300.00,1422.48
118446,1300.00,1406.47
118546,1400.00,1373.63
118646,1300.00,1371.74
118746,1300.00,1386.96
118846,1400.00,1353.18
118946,1300.00,1367.99
119046,1300.00,1373.63
119146,1400.00,1353.18
119246,1300.00,1364.26
119346,1300.00,1379.31
119446,1300.00,1364.26
119546,1400.00,1335.11
119646,1300.00,1338.69
119746,1300.00,1362.40
119846,1400.00,1336.90
119946,1300.00,1358.70
120046,1300.00,1373.63
120146,1400.00,1355.01
120246,1300.00,1353.18
120346,1400.00,1381.22
120446,1300.00,1379.31
120546,1400.00,1390.82
120646,1300.00,1379.31
120746,1300.00,1394.70
120846,1400.00,1362.40
120946,1300.00,1367.99
121046,1300.00,1373.63
121146,1400.00,1347.71
121246,1400.00,1362.40
121346,1400.00,1406.47
121446,1400.00,1420.45
121546,1400.00,1428.57
121646,1300.00,1436.78
121746,1300.00,1418.44
121846,1400.00,1381.22
121946,1300.00,1392.76
122046,1300.00,1390.82
122146,1300.00,1366.12
122246,1400.00,1340.48
122346,1400.00,1358.70
122446,1400.00,1392.76
122546,1300.00,1434.72
122646,1300.00,1410.44
122746,1300.00,1371.74
122846,1400.00,1344.09
122946,1300.00,1364.26
123046,1400.00,1367.99
123146,1300.00,1375.52
123246,1300.00,1381.22
123346,1400.00,1347.71
123446,1300.00,1366.12
123546,1300.00,1379.31
123646,1400.00,1347.71
123746,1300.00,1356.85
123846,1400.00,1371.74
123946,1400.00,1383.13
124046,1400.00,1412.43
124146,1300.00,1420.45
124246,1300.00,1418.44
124346,1400.00,1381.22
124446,1300.00,1377.41
124546,1300.00,1392.76
124646,1400.00,1356.85
124746,1400.00,1375.52
124846,1300.00,1410.44
124946,1400.00,1406.47
125046,1300.00,1396.65
125146,1300.00,1394.70
125246,1300.00,1369.86
125346,1400.00,1355.01
125446,1300.00,1356.85
125546,1300.00,1366.12
125646,1300.00,1342.28
125746,1300.00,1342.28
125846,1400.00,1326.26
125946,1400.00,1336.90
126046,1300.00,1398.60
126146,1400.00,1398.60
126246,1300.00,1383.13
126346,1400.00,1385.04
126446,1300.00,1392.76
126546,1400.00,1396.65
126646,1400.00,1383.13
126746,1300.00,1410.44
126846,1300.00,1412.43
126946,1300.00,1373.63
127046,1400.00,1349.53
127146,1400.00,1373.63
127246,1400.00,1402.52
127346,1400.00,1428.57
127446,1400.00,1436.78
127546,1300.00,1453.49
127646,1300.00,1426.53
127746,1300.00,1386.96
127846,1400.00,1358.70
127946,1300.00,1367.99
128046,1300.00,1375.52
128146,1400.00,1360.54
128246,1400.00,1362.40
128346,1400.00,1410.44
128446,1300.00,1416.43
128546,1300.00,1410.44
128646,1400.00,1385.04
128746,1300.00,1386.96
128846,1400.00,1390.82
128946,1300.00,1385.04
129046,1300.00,1388.89
129146,1300.00,1356.85
129246,1400.00,1347.71
129346,1300.00,1362.40
129446,1300.00,1367.99
129546,1300.00,1347.71
129646,1400.00,1342.28
129746,1400.00,1347.71
129846,1400.00,1398.60
129946,1300.00,1410.44
130046,1400.00,1420.45
130146,1300.00,1410.44
130246,1400.00,1404.49
130346,1300.00,1392.76
130446,1400.00,1394.70
130546,1300.00,1388.89
130646,1300.00,1390.82
130746,1400.00,1355.01
130846,1300.00,1366.12
130946,1400.00,1386.96
131046,1400.00,1385.04
131146,1400.00,1414.43
131246,1400.00,1422.48
131346,1400.00,1436.78
131446,1400.00,1438.85
131546,1300.00,1459.85
131646,1300.00,1422.48
131746,1400.00,1379.31
131846,1400.00,1381.22
131946,1300.00,1418.44
132046,1400.00,1406.47
132146,1400.00,1398.60
132246,1400.00,1416.43
132346,1400.00,1428.57
132446,1300.00,1436.78
132546,1300.00,1416.43
132646,1300.00,1381.22
132746,1300.00,1366.12
132846,1300.00,1338.69
132946,1400.00,1321.00
133046,1300.00,1347.71
133146,1400.00,1360.54
133246,1400.00,1369.86
133346,1300.00,1414.43
133446,1300.00,1396.65
133546,1400.00,1375.52
133646,1400.00,1377.41
133746,1400.00,1414.43
133846,1300.00,1418.44
133946,1400.00,1410.44
134046,1400.00,1396.65
134146,1300.00,1420.45
134246,1300.00,1404.49
134346,1300.00,1381.22
134446,1300.00,1355.01
134546,1300.00,1331.56
134646,1400.00,1321.00
134746,1300.00,1338.69
134846,1400.00,1369.86
134946,1300.00,1371.74
135046,1300.00,1385.04
135146,1300.00,1356.85
135246,1400.00,1345.90
135346,1400.00,1358.70
135446,1400.00,1398.60
135546,1300.00,1414.43
135646,1400.00,1404.49
135746,1400.00,1404.49
135846,1400.00,1416.43
135946,1300.00,1424.50
136046,1400.00,1416.43
136146,1300.00,1402.52
136246,1300.00,1396.65
136346,1400.00,1366.12
136446,1300.00,1377.41
136546,1400.00,1388.89
136646,1300.00,1386.96
136746,1400.00,1390.82
136846,1300.00,1386.96
136946,1400.00,1388.89
137046,1400.00,1379.31
137146,1300.00,1410.44
137246,1300.00,1410.44
137346,1400.00,1379.31
137446,1400.00,1377.41
137546,1400.00,1408.45
137646,1400.00,1418.44
137746,1400.00,1443.00
137846,1400.00,1440.92
137946,1300.00,1440.92
138046,1300.00,1434.72
138146,1300.00,1396.65
138246,1300.00,1356.85
138346,1300.00,1355.01
138446,1400.00,1340.48
138546,1400.00,1355.01
138646,1400.00,1390.82
138746,1400.00,1418.44
138846,1300.00,1428.57
138946,1300.00,1414.43
139046,1400.00,1377.41
139146,1400.00,1375.52
139246,1400.00,1406.47
139346,1300.00,1430.62
139446,1300.00,1424.50
139546,1400.00,1388.89
139646,1400.00,1385.04
139746,1300.00,1414.43
139846,1300.00,1400.56
139946,1300.00,1379.31
140046,1300.00,1356.85
140146,1400.00,1335.11
140246,1300.00,1340.48
140346,1300.00,1360.54
140446,1300.00,1345.90
140546,1300.00,1329.79
140646,1300.00,1317.52
140746,1300.00,1314.06
140846,1400.00,1314.06
140946,1400.00,1338.69
141046,1300.00,1381.22
141146,1400.00,1392.76
141246,1300.00,1394.70
141346,1400.00,1385.04
141446,1400.00,1390.82
141546,1400.00,1418.44
141646,1400.00,1436.78
141746,1300.00,1436.78
141846,1300.00,1432.66
141946,1300.00,1390.82
142046,1400.00,1362.40
142146,1400.00,1367.99
142246,1400.00,1398.60
142346,1300.00,1428.57
142446,1400.00,1404.49
142546,1400.00,1394.70
142646,1300.00,1426.53
142746,1300.00,1410.44
142846,1400.00,1375.52
142946,1300.00,1383.13
143046,1300.00,1377.41
143146,1400.00,1353.18
143246,1300.00,1369.86
143346,1400.00,1385.04
143446,1300.00,1386.96
143546,1300.00,1386.96
143646,1300.00,1360.54
143746,1300.00,1331.56
143846,1400.00,1324.50
143946,1300.00,1333.33
144046,1300.00,1364.26
144146,1400.00,1342.28
144246,1400.00,1366.12
144346,1400.00,1398.60
144446,1300.00,1418.44
144546,1400.00,1418.44
144646,1400.00,1404.49
144746,1300.00,1414.43
144846,1400.00,1410.44
144946,1300.00,1398.60
145046,1300.00,1400.56
145146,1300.00,1375.52
145246,1400.00,1340.48
145346,1300.00,1364.26
145446,1400.00,1373.63
145546,1300.00,1371.74
145646,1300.00,1386.96
145746,1400.00,1360.54
145846,1400.00,1362.40
145946,1300.00,1396.65
146046,1400.00,1400.56
146146,1300.00,1392.76
146246,1400.00,1386.96
146346,1400.00,1394.70
146446,1400.00,1418.44
146546,1300.00,1438.85
146646,1300.00,1412.43
146746,1300.00,1377.41
146846,1300.00,1353.18
146946,1400.00,1344.09
147046,1400.00,1355.01
147146,1400.00,1398.60
147246,1300.00,1422.48
147346,1400.00,1406.47
147446,1300.00,1394.70
147546,1300.00,1392.76
147646,1400.00,1371.74
147746,1400.00,1369.86
147846,1300.00,1410.44
147946,1300.00,1406.47
148046,1400.00,1367.99
148146,1300.00,1377.41
148246,1400.00,1373.63
148346,1400.00,1375.52
148446,1300.00,1410.44
148546,1300.00,1412.43
148646,1300.00,1367.99
148746,1300.00,1347.71
148846,1300.00,1340.48
148946,1300.00,1328.02
149046,1400.00,1322.75
149146,1400.00,1340.48
149246,1300.00,1385.04
149346,1300.00,1386.96
149446,1300.00,1364.26
149546,1400.00,1342.28
149646,1400.00,1360.54
149746,1400.00,1394.70
149846,1400.00,1416.43
149946,1300.00,1424.50
150046,1300.00,1414.43
150146,1300.00,1379.31
150246,1300.00,1349.53
150346,1400.00,1344.09
150446,1300.00,1360.54
150546,1300.00,1362.40
150646,1400.00,1347.71
150746,1400.00,1360.54
150846,1300.00,1394.70
150946,1300.00,1394.70
151046,1400.00,1371.74
151146,1400.00,1379.31
151246,1300.00,1402.52
151346,1400.00,1410.44
151446,1300.00,1388.89
151546,1300.00,1390.82
151646,1300.00,1371.74
151746,1300.00,1351.35
151846,1300.00,1329.79
151946,1300.00,1335.11
152046,1300.00,1314.06
152146,1300.00,1303.78
152246,1400.00,1314.06
152346,1400.00,1342.28
152446,1300.00,1392.76
152546,1400.00,1396.65
152646,1400.00,1381.22
152746,1400.00,1404.49
152846,1400.00,1430.62
152946,1400.00,1445.09
153046,1400.00,1440.92
153146,1300.00,1436.78
153246,1300.00,1430.62
153346,1300.00,1394.70
153446,1400.00,1356.85
153546,1300.00,1373.63
153646,1400.00,1373.63
153746,1400.00,1381.22
153846,1400.00,1404.49
153946,1400.00,1438.85
154046,1300.00,1434.72
154146,1300.00,1422.48
154246,1400.00,1390.82
154346,1300.00,1369.86
154446,1400.00,1388.89
154546,1400.00,1377.41
154646,1300.00,1408.45
154746,1400.00,1406.47
154846,1400.00,1402.52
154946,1300.00,1418.44
155046,1300.00,1416.43
155146,1300.00,1377.41
155246,1400.00,1355.01
155346,1400.00,1367.99
155446,1300.00,1414.43
155546,1300.00,1404.49
155646,1400.00,1366.12
155746,1300.00,1364.26
155846,1300.00,1381.22
155946,1300.00,1349.53
156046,1400.00,1336.90
156146,1300.00,1358.70
156246,1300.00,1377.41
156346,1300.00,1356.85
156446,1300.00,1333.33
156546,1300.00,1319.26
156646,1400.00,1329.79
156746,1300.00,1335.11
156846,1400.00,1351.35
156946,1300.00,1366.12
157046,1400.00,1381.22
157146,1300.00,1386.96
157246,1400.00,1379.31
157346,1400.00,1386.96
157446,1400.00,1416.43
157546,1300.00,1422.48
157646,1400.00,1406.47
157746,1400.00,1394.70
157846,1400.00,1428.57
157946,1400.00,1443.00
158046,1400.00,1447.18
158146,1400.00,1445.09
158246,1300.00,1436.78
158346,1400.00,1432.66
158446,1300.00,1418.44
158546,1400.00,1400.56
158646,1300.00,1400.56
158746,1400.00,1390.82
158846,1400.00,1390.82
158946,1400.00,1416.43
159046,1400.00,1424.50
159146,1300.00,1434.72
159246,1400.00,1416.43
159346,1400.00,1418.44
159446,1400.00,1422.48
159546,1400.00,1449.28
159646,1400.00,1440.92
159746,1300.00,1436.78
159846,1400.00,1426.53
159946,1400.00,1416.43
160046,1300.00,1422.48
160146,1400.00,1414.43
160246,1300.00,1394.70
160346,1400.00,1390.82
160446,1400.00,1390.82
160546,1400.00,1412.43
160646,1300.00,1436.78
160746,1400.00,1426.53
160846,1300.00,1402.52
160946,1300.00,1394.70
161046,1400.00,1375.52
161146,1400.00,1379.31
161246,1400.00,1406.47
161346,1300.00,1418.44
161446,1400.00,1420.45
161546,1300.00,1412.43
161646,1400.00,1400.56
161746,1400.00,1398.60
161846,1300.00,1422.48
161946,1300.00,1400.56
162046,1300.00,1367.99
162146,1400.00,1347.71
162246,1300.00,1369.86
162346,1400.00,1367.99
162446,1400.00,1367.99
162546,1400.00,1412.43
162646,1300.00,1426.53
162746,1300.00,1410.44
162846,1300.00,1373.63
162946,1400.00,1351.35
163046,1300.00,1371.74
163146,1400.00,1367.99
163246,1400.00,1375.52
163346,1300.00,1402.52
163446,1400.00,1410.44
163546,1300.00,1388.89
163646,1300.00,1388.89
163746,1400.00,1375.52
163846,1300.00,1379.31
163946,1400.00,1377.41
164046,1400.00,1383.13
164146,1300.00,1410.44
164246,1300.00,1412.43
164346,1400.00,1379.31
164446,1400.00,1381.22
164546,1300.00,1402.52
164646,1300.00,1412.43
164746,1400.00,1367.99
164846,1400.00,1375.52
164946,1300.00,1402.52
165046,1300.00,1404.49
165146,1300.00,1366.12
165246,1300.00,1342.28
165346,1300.00,1335.11
165446,1300.00,1317.52
165546,1300.00,1314.06
165646,1300.00,1312.34
165746,1300.00,1300.39
165846,1300.00,1315.79
165946,1300.00,1315.79
166046,1400.00,1293.66
166146,1400.00,1338.69
166246,1400.00,1388.89
166346,1400.00,1414.43
166446,1400.00,1424.50
166546,1400.00,1436.78
166646,1400.00,1440.92
166746,1400.00,1453.49
166846,1400.00,1449.28
166946,1300.00,1445.09
167046,1300.00,1432.66
167146,1400.00,1390.82
167246,1400.00,1386.96
167346,1400.00,1404.49
167446,1400.00,1440.92
167546,1400.00,1449.28
167646,1400.00,1449.28
167746,1400.00,1443.00
167846,1300.00,1443.00
167946,1300.00,1430.62
168046,1300.00,1394.70
168146,1300.00,1356.85
168246,1400.00,1351.35
168346,1400.00,1356.85
168446,1400.00,1398.60
168546,1400.00,1432.66
168646,1400.00,1436.78
168746,1300.00,1445.09
168846,1300.00,1430.62
168946,1400.00,1386.96
169046,1400.00,1377.41
169146,1300.00,1406.47
169246,1300.00,1416.43
169346,1400.00,1369.86
169446,1400.00,1373.63
169546,1400.00,1400.56
169646,1300.00,1436.78
169746,1300.00,1426.53
169846,1300.00,1375.52
169946,1300.00,1360.54
170046,1300.00,1335.11
170146,1300.00,1322.75
170246,1300.00,1322.75
170346,1300.00,1312.34
170446,1400.00,1305.48
170546,1300.00,1328.02
170646,1300.00,1353.18
170746,1400.00,1347.71
170846,1400.00,1351.35
170946,1400.00,1398.60
171046,1400.00,1422.48
171146,1400.00,1426.53
171246,1400.00,1436.78
171346,1300.00,1447.18
171446,1400.00,1432.66
171546,1300.00,1402.52
171646,1300.00,1412.43
171746,1300.00,1366.12
171846,1400.00,1338.69
171946,1400.00,1364.26
172046,1400.00,1392.76
172146,1400.00,1422.48
172246,1300.00,1428.57
172346,1400.00,1412.43
172446,1400.00,1396.65
172546,1300.00,1426.53
172646,1400.00,1424.50
172746,1300.00,1406.47
172846,1300.00,1408.45
172946,1400.00,1364.26
173046,1400.00,1366.12
173146,1300.00,1410.44
173246,1400.00,1396.65
173346,1300.00,1394.70
173446,1300.00,1386.96
173546,1400.00,1371.74
173646,1400.00,1369.86
173746,1300.00,1404.49
173846,1300.00,1406.47
173946,1300.00,1371.74
174046,1300.00,1358.70
174146,1400.00,1331.56
174246,1400.00,1351.35
174346,1300.00,1396.65
174446,1300.00,1400.56
174546,1300.00,1360.54
174646,1300.00,1355.01
174746,1300.00,1331.56
174846,1400.00,1317.52
174946,1400.00,1351.35
175046,1300.00,1392.76
175146,1300.00,1394.70
175246,1300.00,1362.40
175346,1300.00,1336.90
175446,1400.00,1321.00
175546,1400.00,1355.01
175646,1400.00,1400.56
175746,1300.00,1422.48
175846,1300.00,1412.43
175946,1300.00,1369.86
176046,1300.00,1349.53
176146,1400.00,1338.69
176246,1400.00,1353.18
176346,1300.00,1388.89
176446,1300.00,1390.82
176546,1400.00,1373.63
176646,1300.00,1379.31
176746,1300.00,1377.41
176846,1400.00,1347.71
176946,1400.00,1366.12
177046,1300.00,1402.52
177146,1300.00,1408.45
177246,1300.00,1364.26
177346,1300.00,1347.71
177446,1300.00,1326.26
177546,1400.00,1321.00
177646,1300.00,1331.56
177746,1300.00,1356.85
177846,1300.00,1342.28
177946,1300.00,1328.02
178046,1300.00,1315.79
178146,1400.00,1324.50
178246,1400.00,1340.48
178346,1400.00,1383.13
178446,1300.00,1424.50
178546,1400.00,1402.52
178646,1300.00,1398.60
178746,1400.00,1390.82
178846,1400.00,1396.65
178946,1400.00,1414.43
179046,1300.00,1432.66
179146,1300.00,1410.44
179246,1400.00,1377.41
179346,1300.00,1383.13
179446,1400.00,1388.89
179546,1400.00,1390.82
179646,1400.00,1418.44
179746,1300.00,1422.48
179846,1400.00,1410.44
179946,1300.00,1396.65
180046,1300.00,1396.65
180146,1300.00,1366.12
180246,1400.00,1351.35
180346,1400.00,1347.71
180446,1300.00,1404.49
180546,1400.00,1400.56
180646,1300.00,1398.60
180746,1400.00,1402.52
180846,1400.00,1379.31
180946,1300.00,1412.43
181046,1400.00,1416.43
181146,1300.00,1402.52
181246,1300.00,1402.52
181346,1300.00,1358.70
181446,1400.00,1347.71
181546,1400.00,1344.09
181646,1400.00,1408.45
181746,1300.00,1418.44
181846,1300.00,1416.43
181946,1400.00,1381.22
182046,1400.00,1383.13
182146,1300.00,1414.43
182246,1400.00,1406.47
182346,1300.00,1402.52
182446,1300.00,1394.70
182546,1400.00,1364.26
182646,1300.00,1356.85
182746,1300.00,1388.89
182846,1300.00,1366.12
182946,1300.00,1338.69
183046,1300.00,1319.26
183146,1400.00,1319.26
183246,1400.00,1331.56
183346,1300.00,1390.82
183446,1300.00,1394.70
183546,1400.00,1356.85
183646,1300.00,1364.26
183746,1400.00,1386.96
183846,1400.00,1373.63
183946,1400.00,1422.48
184046,1300.00,1424.50
184146,1300.00,1408.45
184246,1300.00,1377.41
184346,1300.00,1347.71
184446,1300.00,1345.90
184546,1400.00,1333.33
184646,1400.00,1351.35
184746,1300.00,1388.89
184846,1400.00,1390.82
184946,1300.00,1390.82
185046,1300.00,1392.76
185146,1400.00,1364.26
185246,1400.00,1367.99
185346,1400.00,1396.65
185446,1300.00,1432.66
185546,1300.00,1408.45
185646,1300.00,1375.52
185746,1400.00,1358.70
185846,1400.00,1356.85
185946,1300.00,1404.49
186046,1300.00,1408.45
186146,1300.00,1364.26
186246,1400.00,1345.90
186346,1300.00,1364.26
186446,1300.00,1381.22
186546,1400.00,1349.53
186646,1300.00,1355.01
186746,1300.00,1385.04
186846,1300.00,1353.18
186946,1300.00,1331.56
187046,1400.00,1326.26
187146,1300.00,1345.90
187246,1400.00,1369.86
187346,1300.00,1377.41
187446,1300.00,1373.63
187546,1400.00,1351.35
187646,1300.00,1366.12
187746,1400.00,1371.74
187846,1400.00,1377.41
187946,1300.00,1400.56
188046,1400.00,1412.43
188146,1400.00,1396.65
188246,1400.00,1422.48
188346,1300.00,1432.66
188446,1300.00,1414.43
188546,1400.00,1375.52
188646,1400.00,1385.04
188746,1300.00,1414.43
188846,1300.00,1410.44
188946,1400.00,1383.13
189046,1300.00,1381.22
189146,1400.00,1385.04
189246,1300.00,1386.96
189346,1300.00,1383.13
189446,1300.00,1367.99
189546,1300.00,1342.28
189646,1300.00,1321.00
189746,1300.00,1317.52
189846,1300.00,1310.62
189946,1400.00,1315.79
190046,1400.00,1340.48
190146,1400.00,1381.22
190246,1300.00,1412.43
190346,1400.00,1414.43
190446,1400.00,1392.76
190546,1400.00,1422.48
190646,1400.00,1430.62
190746,1400.00,1443.00
190846,1300.00,1445.09
190946,1300.00,1428.57
191046,1400.00,1388.89
191146,1300.00,1379.31
191246,1400.00,1386.96
191346,1300.00,1390.82
191446,1400.00,1390.82
191546,1400.00,1385.04
191646,1400.00,1414.43
191746,1300.00,1430.62
191846,1300.00,1412.43
191946,1300.00,1377.41
192046,1400.00,1358.70
192146,1400.00,1355.01
192246,1400.00,1412.43
192346,1400.00,1414.43
192446,1300.00,1436.78
192546,1400.00,1412.43
192646,1300.00,1402.52
192746,1300.00,1398.60
192846,1400.00,1369.86
192946,1300.00,1373.63
193046,1300.00,1390.82
193146,1400.00,1364.26
193246,1400.00,1364.26
193346,1300.00,1404.49
193446,1400.00,1396.65
193546,1400.00,1396.65
193646,1300.00,1412.43
193746,1300.00,1414.43
193846,1400.00,1373.63
193946,1300.00,1377.41
194046,1300.00,1377.41
194146,1300.00,1356.85
194246,1300.00,1344.09
194346,1400.00,1326.26
194446,1300.00,1336.90
194546,1300.00,1366.12
194646,1300.00,1355.01
194746,1300.00,1336.90
194846,1400.00,1322.75
194946,1300.00,1349.53
195046,1400.00,1367.99
195146,1400.00,1367.99
195246,1300.00,1398.60
195346,1400.00,1396.65
195446,1300.00,1388.89
195546,1400.00,1390.82
195646,1400.00,1394.70
195746,1300.00,1428.57
195846,1400.00,1402.52
195946,1400.00,1390.82
196046,1300.00,1412.43
196146,1300.00,1404.49
196246,1400.00,1375.52
196346,1400.00,1367.99
196446,1400.00,1414.43
196546,1300.00,1420.45
196646,1300.00,1410.44
196746,1400.00,1375.52
196846,1300.00,1373.63
196946,1300.00,1381.22
197046,1300.00,1356.85
197146,1300.00,1353.18
197246,1300.00,1321.00
197346,1400.00,1321.00
197446,1300.00,1336.90
197546,1300.00,1373.63
197646,1300.00,1338.69
197746,1400.00,1336.90
197846,1300.00,1356.85
197946,1400.00,1375.52
198046,1400.00,1371.74
198146,1400.00,1398.60
198246,1300.00,1422.48
198346,1400.00,1408.45
198446,1300.00,1396.65
198546,1400.00,1408.45
198646,1300.00,1385.04
198746,1400.00,1386.96
198846,1400.00,1392.76
198946,1300.00,1424.50
199046,1400.00,1404.49
199146,1300.00,1390.82
199246,1400.00,1394.70
199346,1400.00,1394.70
199446,1400.00,1410.44
199546,1400.00,1440.92
199646,1400.00,1445.09
199746,1300.00,1447.18
199846,1300.00,1420.45
199946,1400.00,1383.13
200046,1400.00,1383.13
200146,1400.00,1412.43
200246,1300.00,1420.45
200346,1400.00,1414.43
200446,1400.00,1402.52
200546,1400.00,1430.62
200646,1300.00,1432.66
200746,1300.00,1412.43
200846,1300.00,1379.31
200946,1300.00,1355.01
201046,1400.00,1336.90
201146,1300.00,1345.90
201246,1400.00,1367.99
201346,1300.00,1375.52
201446,1400.00,1383.13
201546,1300.00,1373.63
201646,1300.00,1381.22
201746,1400.00,1353.18
201846,1400.00,1373.63
201946,1300.00,1408.45
202046,1400.00,1406.47
202146,1400.00,1394.70
202246,1400.00,1420.45
202346,1400.00,1430.62
202446,1400.00,1438.85
202546,1300.00,1445.09
202646,1300.00,1428.57
202746,1300.00,1394.70
202846,1300.00,1356.85
202946,1400.00,1349.53
203046,1300.00,1349.53
203146,1400.00,1366.12
203246,1400.00,1367.99
203346,1400.00,1400.56
203446,1300.00,1432.66
203546,1300.00,1408.45
203646,1400.00,1373.63
203746,1400.00,1373.63
203846,1300.00,1404.49
203946,1400.00,1412.43
204046,1400.00,1388.89
204146,1300.00,1420.45
204246,1400.00,1404.49
204346,1300.00,1390.82
204446,1300.00,1400.56
204546,1300.00,1369.86
204646,1300.00,1356.85
204746,1300.00,1328.02
204846,1400.00,1315.79
204946,1300.00,1355.01
205046,1300.00,1364.26
205146,1400.00,1349.53
205246,1400.00,1353.18
205346,1300.00,1390.82
205446,1400.00,1400.56
205546,1400.00,1388.89
205646,1400.00,1412.43
205746,1300.00,1432.66
205846,1400.00,1422.48
205946,1300.00,1404.49
206046,1300.00,1394.70
206146,1300.00,1377.41
206246,1300.00,1353.18
206346,1400.00,1336.90
206446,1300.00,1355.01
206546,1400.00,1373.63
206646,1300.00,1377.41
206746,1400.00,1385.04
206846,1400.00,1385.04
206946,1300.00,1422.48
207046,1400.00,1404.49
207146,1400.00,1392.76
207246,1300.00,1420.45
207346,1400.00,1416.43
207446,1400.00,1400.56
207546,1400.00,1430.62
207646,1400.00,1443.00
207746,1300.00,1451.38
207846,1300.00,1424.50
207946,1400.00,1388.89
208046,1300.00,1379.31
208146,1300.00,1383.13
208246,1400.00,1362.40
208346,1300.00,1360.54
208446,1400.00,1381.22
208546,1400.00,1385.04
208646,1300.00,1412.43
208746,1300.00,1404.49
208846,1300.00,1381.22
208946,1400.00,1353.18
209046,1300.00,1353.18
209146,1300.00,1366.12
209246,1400.00,1349.53
209346,1400.00,1362.40
209446,1300.00,1394.70
209546,1300.00,1394.70
209646,1300.00,1367.99
209746,1400.00,1344.09
209846,1300.00,1342.28
209946,1400.00,1381.22
210046,1300.00,1377.41
210146,1300.00,1375.52
210246,1300.00,1353.18
210346,1300.00,1344.09
210446,1300.00,1328.02
210546,1400.00,1326.26
210646,1300.00,1344.09
210746,1400.00,1364.26
210846,1400.00,1366.12
210946,1400.00,1408.45
211046,1300.00,1418.44
211146,1400.00,1416.43
211246,1400.00,1398.60
211346,1400.00,1412.43
211446,1300.00,1426.53
211546,1400.00,1412.43
211646,1400.00,1394.70
211746,1300.00,1422.48
211846,1400.00,1408.45
211946,1300.00,1394.70
212046,1400.00,1404.49
212146,1300.00,1385.04
212246,1400.00,1388.89
212346,1300.00,1392.76
212446,1400.00,1392.76
212546,1300.00,1385.04
212646,1300.00,1390.82
212746,1400.00,1356.85
212846,1400.00,1366.12
212946,1400.00,1410.44
213046,1400.00,1422.48
213146,1400.00,1445.09
213246,1400.00,1443.00
213346,1400.00,1434.72
213446,1400.00,1451.38
213546,1300.00,1449.28
213646,1300.00,1426.53
213746,1300.00,1385.04
213846,1400.00,1362.40
213946,1400.00,1367.99
214046,1400.00,1398.60
214146,1400.00,1416.43
214246,1400.00,1426.53
214346,1400.00,1438.85
214446,1300.00,1445.09
214546,1300.00,1430.62
214646,1400.00,1390.82
214746,1300.00,1383.13
214846,1300.00,1385.04
214946,1400.00,1364.26
215046,1400.00,1364.26
215146,1400.00,1398.60
215246,1400.00,1416.43
215346,1300.00,1430.62
215446,1300.00,1414.43
215546,1300.00,1379.31
215646,1400.00,1349.53
215746,1300.00,1355.01
215846,1300.00,1379.31
215946,1300.00,1351.35
216046,1400.00,1338.69
216146,1400.00,1344.09
216246,1300.00,1388.89
216346,1300.00,1392.76
216446,1400.00,1373.63
216546,1300.00,1373.63
216646,1400.00,1377.41
216746,1300.00,1379.31
216846,1400.00,1377.41
216946,1300.00,1388.89
217046,1300.00,1385.04
217146,1300.00,1362.40
217246,1300.00,1340.48
217346,1300.00,1324.50
217446,1400.00,1312.34
217546,1400.00,1335.11
217646,1400.00,1383.13
217746,1400.00,1408.45
217846,1400.00,1443.00
217946,1300.00,1443.00
218046,1400.00,1418.44
218146,1400.00,1402.52
218246,1400.00,1428.57
218346,1300.00,1438.85
218446,1300.00,1416.43
218546,1400.00,1392.76
218646,1400.00,1386.96
218746,1400.00,1418.44
218846,1300.00,1420.45
218946,1400.00,1410.44
219046,1300.00,1394.70
219146,1400.00,1402.52
219246,1300.00,1383.13
219346,1300.00,1386.96
219446,1300.00,1360.54
219546,1300.00,1338.69
219646,1400.00,1335.11
219746,1300.00,1342.28
219846,1400.00,1377.41
219946,1400.00,1364.26
220046,1400.00,1396.65
220146,1400.00,1430.62
220246,1300.00,1430.62
220346,1400.00,1424.50
220446,1400.00,1406.47
220546,1300.00,1420.45
220646,1400.00,1426.53
220746,1400.00,1406.47
220846,1300.00,1420.45
220946,1400.00,1418.44
221046,1400.00,1406.47
221146,1300.00,1412.43
221246,1400.00,1422.48
221346,1300.00,1402.52
221446,1300.00,1404.49
221546,1400.00,1364.26
221646,1300.00,1362.40
221746,1300.00,1388.89
221846,1400.00,1362.40
221946,1300.00,1356.85
222046,1300.00,1383.13
222146,1400.00,1353.18
222246,1400.00,1356.85
222346,1300.00,1402.52
222446,1300.00,1390.82
222546,1400.00,1375.52
222646,1300.00,1373.63
222746,1300.00,1375.52
222846,1400.00,1355.01
222946,1300.00,1364.26
223046,1300.00,1375.52
223146,1300.00,1344.09
223246,1300.00,1342.28
223346,1300.00,1336.90
223446,1300.00,1324.50
223546,1400.00,1307.19
223646,1300.00,1344.09
223746,1300.00,1362.40
223846,1400.00,1340.48
223946,1300.00,1353.18
224046,1400.00,1375.52
224146,1400.00,1379.31
224246,1400.00,1404.49
224346,1400.00,1426.53
224446,1300.00,1436.78
224546,1400.00,1430.62
224646,1300.00,1402.52
224746,1300.00,1396.65
224846,1400.00,1379.31
224946,1400.00,1379.31
225046,1300.00,1408.45
225146,1400.00,1408.45
225246,1400.00,1394.70
225346,1300.00,1416.43
225446,1400.00,1404.49
225546,1400.00,1392.76
225646,1300.00,1416.43
225746,1300.00,1414.43
225846,1300.00,1379.31
225946,1300.00,1362.40
226046,1400.00,1335.11
226146,1300.00,1360.54
226246,1300.00,1377.41
226346,1400.00,1344.09
226446,1300.00,1360.54
226546,1300.00,1369.86
226646,1300.00,1345.90
226746,1400.00,1333.33
226846,1400.00,1356.85
226946,1300.00,1394.70
227046,1400.00,1400.56
227146,1300.00,1394.70
227246,1300.00,1388.89
227346,1400.00,1373.63
227446,1300.00,1373.63
227546,1400.00,1377.41
227646,1300.00,1364.26
227746,1300.00,1386.96
227846,1300.00,1356.85
227946,1400.00,1344.09
228046,1400.00,1353.18
228146,1300.00,1390.82
228246,1300.00,1406.47
228346,1400.00,1360.54
228446,1400.00,1362.40
228546,1400.00,1408.45
228646,1300.00,1428.57
228746,1400.00,1422.48
228846,1300.00,1404.49
228946,1300.00,1394.70
229046,1300.00,1369.86
229146,1300.00,1349.53
229246,1300.00,1340.48
229346,1300.00,1329.79
229446,1400.00,1312.34
229546,1300.00,1344.09
229646,1400.00,1371.74
229746,1400.00,1367.99
229846,1300.00,1404.49
229946,1400.00,1394.70
230046,1400.00,1392.76
230146,1400.00,1408.45
230246,1400.00,1436.78
230346,1300.00,1440.92
230446,1400.00,1422.48
230546,1400.00,1402.52
230646,1300.00,1436.78
230746,1300.00,1416.43
230846,1400.00,1371.74
230946,1300.00,1385.04
231046,1400.00,1381.22
231146,1400.00,1385.04
231246,1300.00,1418.44
231346,1400.00,1400.56
231446,1300.00,1400.56
231546,1300.00,1402.52
231646,1300.00,1360.54
231746,1300.00,1345.90
231846,1400.00,1328.02
231946,1400.00,1345.90
232046,1300.00,1394.70
232146,1300.00,1402.52
232246,1400.00,1358.70
232346,1400.00,1364.26
232446,1300.00,1404.49
232546,1400.00,1412.43
232646,1400.00,1392.76
232746,1300.00,1426.53
232846,1300.00,1406.47
232946,1300.00,1371.74
233046,1300.00,1351.35
233146,1300.00,1340.48
233246,1300.00,1328.02
233346,1300.00,1314.06
233446,1400.00,1317.52
233546,1300.00,1336.90
233646,1300.00,1351.35
233746,1300.00,1349.53
233846,1400.00,1331.56
233946,1400.00,1342.28
234046,1400.00,1383.13
234146,1400.00,1418.44
234246,1400.00,1422.48
234346,1300.00,1434.72
234446,1400.00,1418.44
234546,1300.00,1400.56
234646,1400.00,1410.44
234746,1300.00,1386.96
234846,1300.00,1390.82
234946,1400.00,1373.63
235046,1400.00,1375.52
235146,1400.00,1398.60
235246,1300.00,1426.53
235346,1400.00,1418.44
235446,1400.00,1400.56
235546,1400.00,1428.57
235646,1400.00,1426.53
235746,1300.00,1447.18
235846,1300.00,1430.62
235946,1300.00,1392.76
236046,1400.00,1358.70
236146,1300.00,1364.26
236246,1400.00,1373.63
236346,1300.00,1369.86
236446,1400.00,1386.96
236546,1400.00,1375.52
236646,1300.00,1404.49
236746,1300.00,1414.43
236846,1400.00,1369.86
236946,1300.00,1369.86
237046,1400.00,1385.04
237146,1400.00,1371.74
237246,1400.00,1406.47
237346,1400.00,1438.85
237446,1300.00,1438.85
237546,1300.00,1430.62
237646,1300.00,1392.76
237746,1300.00,1364.26
237846,1400.00,1335.11
237946,1400.00,1353.18
238046,1300.00,1398.60
238146,1400.00,1392.76
238246,1400.00,1388.89
238346,1300.00,1422.48
238446,1300.00,1404.49
238546,1400.00,1371.74
238646,1400.00,1367.99
238746,1300.00,1406.47
238846,1300.00,1398.60
238946,1300.00,1369.86
239046,1400.00,1358.70
239146,1300.00,1353.18
239246,1300.00,1379.31
239346,1300.00,1351.35
239446,1300.00,1331.56
239546,1300.00,1329.79
239646,1300.00,1317.52
239746,1300.00,1307.19
239846,1400.00,1315.79
239946,1300.00,1333.33
240046,1400.00,1366.12
240146,1300.00,1360.54
240246,1400.00,1385.04
240346,1400.00,1375.52
240446,1400.00,1412.43
240546,1400.00,1422.48
240646,1400.00,1428.57
240746,1300.00,1434.72
240846,1400.00,1418.44
240946,1400.00,1398.60
241046,1400.00,1424.50
241146,1400.00,1447.18
241246,1300.00,1445.09
241346,1400.00,1420.45
241446,1400.00,1400.56
241546,1400.00,1434.72
241646,1300.00,1443.00
241746,1400.00,1414.43
241846,1300.00,1408.45
241946,1400.00,1402.52
242046,1400.00,1396.65
242146,1300.00,1420.45
242246,1400.00,1402.52
242346,1300.00,1386.96
242446,1400.00,1388.89
242546,1300.00,1388.89
242646,1400.00,1396.65
242746,1400.00,1375.52
242846,1400.00,1406.47
242946,1300.00,1432.66
243046,1300.00,1418.44
243146,1400.00,1383.13
243246,1400.00,1385.04
243346,1400.00,1416.43
243446,1400.00,1424.50
243546,1400.00,1430.62
243646,1300.00,1434.72
243746,1400.00,1424.50
243846,1300.00,1410.44
243946,1300.00,1406.47
244046,1300.00,1369.86
244146,1300.00,1351.35
244246,1400.00,1335.11
244346,1400.00,1349.53
244446,1400.00,1392.76
244546,1300.00,1410.44
244646,1400.00,1420.45
244746,1400.00,1400.56
244846,1300.00,1414.43
244946,1400.00,1422.48
245046,1400.00,1404.49
245146,1300.00,1422.48
245246,1300.00,1414.43
245346,1400.00,1369.86
245446,1300.00,1373.63
245546,1400.00,1381.22
245646,1300.00,1381.22
245746,1300.00,1381.22
245846,1400.00,1356.85
245946,1300.00,1362.40
246046,1300.00,1385.04
246146,1300.00,1358.70
246246,1300.00,1331.56
246346,1400.00,1321.00
246446,1400.00,1340.48
246546,1400.00,1383.13
246646,1300.00,1412.43
246746,1300.00,1416.43
246846,1400.00,1379.31
246946,1300.00,1379.31
247046,1400.00,1379.31
247146,1400.00,1379.31
247246,1300.00,1418.44
247346,1300.00,1414.43
247446,1400.00,1377.41
247546,1300.00,1381.22
247646,1300.00,1379.31
247746,1300.00,1347.71
247846,1400.00,1347.71
247946,1400.00,1338.69
248046,1300.00,1386.96
248146,1300.00,1396.65
248246,1300.00,1364.26
248346,1300.00,1355.01
248446,1400.00,1338.69
248546,1300.00,1345.90
248646,1400.00,1369.86
248746,1300.00,1373.63
248846,1300.00,1383.13
248946,1300.00,1349.53
249046,1300.00,1338.69
249146,1400.00,1326.26
249246,1400.00,1336.90
249346,1300.00,1386.96
249446,1400.00,1388.89
249546,1400.00,1386.96
249646,1400.00,1414.43
249746,1300.00,1420.45
249846,1400.00,1418.44
249946,1400.00,1392.76
250046,1300.00,1424.50
250146,1300.00,1408.45
250246,1300.00,1375.52
250346,1400.00,1360.54
250446,1300.00,1366.12
250546,1400.00,1379.31
250646,1300.00,1369.86
250746,1400.00,1386.96
250846,1300.00,1379.31
250946,1300.00,1392.76
251046,1300.00,1364.26
251146,1400.00,1336.90
251246,1300.00,1360.54
251346,1400.00,1377.41
251446,1400.00,1373.63
251546,1400.00,1416.43
251646,1400.00,1424.50
251746,1400.00,1440.92
251846,1300.00,1445.09
251946,1400.00,1420.45
252046,1300.00,1400.56
252146,1400.00,1412.43
252246,1400.00,1386.96
252346,1300.00,1410.44
252446,1400.00,1410.44
252546,1400.00,1396.65
252646,1400.00,1412.43
252746,1300.00,1440.92
252846,1400.00,1426.53
252946,1400.00,1400.56
253046,1400.00,1420.45
253146,1300.00,1424.50
253246,1300.00,1426.53
253346,1400.00,1385.04
253446,1300.00,1375.52
253546,1400.00,1383.13
253646,1300.00,1381.22
253746,1400.00,1381.22
253846,1300.00,1388.89
253946,1400.00,1383.13
254046,1300.00,1386.96
254146,1300.00,1390.82
254246,1300.00,1366.12
254346,1400.00,1342.28
254446,1400.00,1356.85
254546,1400.00,1394.70
254646,1400.00,1410.44
254746,1400.00,1424.50
254846,1400.00,1438.85
254946,1400.00,1440.92
255046,1300.00,1445.09
255146,1400.00,1436.78
255246,1300.00,1412.43
255346,1300.00,1398.60
255446,1400.00,1375.52
255546,1400.00,1367.99
255646,1400.00,1408.45
255746,1400.00,1414.43
255846,1400.00,1430.62
255946,1300.00,1432.66
256046,1400.00,1420.45
256146,1400.00,1406.47
256246,1300.00,1430.62
256346,1300.00,1424.50
256446,1300.00,1375.52
256546,1400.00,1358.70
256646,1400.00,1358.70
256746,1400.00,1402.52
256846,1300.00,1430.62
256946,1400.00,1418.44
257046,1300.00,1402.52
257146,1300.00,1404.49
257246,1300.00,1362.40
257346,1400.00,1347.71
257446,1300.00,1351.35
257546,1300.00,1381.22
257646,1400.00,1347.71
257746,1300.00,1367.99
257846,1400.00,1367.99
257946,1400.00,1369.86
258046,1300.00,1400.56
258146,1400.00,1400.56
258246,1300.00,1386.96
258346,1400.00,1390.82
258446,1300.00,1388.89
258546,1300.00,1394.70
258646,1400.00,1371.74
258746,1400.00,1369.86
258846,1300.00,1396.65
258946,1300.00,1404.49
259046,1400.00,1373.63
259146,1400.00,1377.41
259246,1400.00,1410.44
259346,1400.00,1416.43
259446,1300.00,1436.78
259546,1300.00,1430.62
259646,1300.00,1390.82
259746,1300.00,1355.01
259846,1300.00,1347.71
259946,1300.00,1331.56
260046,1300.00,1322.75
260146,1400.00,1308.90
260246,1400.00,1345.90
260346,1300.00,1386.96
260446,1300.00,1394.70
260546,1400.00,1366.12
260646,1400.00,1366.12
260746,1400.00,1394.70
260846,1400.00,1420.45
260946,1400.00,1434.72
261046,1300.00,1436.78
261146,1300.00,1430.62
261246,1300.00,1394.70
261346,1300.00,1366.12
261446,1300.00,1336.90
261546,1300.00,1340.48
261646,1400.00,1319.26
261746,1400.00,1329.79
261846,1400.00,1379.31
261946,1300.00,1408.45
262046,1300.00,1416.43
262146,1400.00,1379.31
262246,1400.00,1381.22
262346,1400.00,1398.60
262446,1400.00,1428.57
262546,1300.00,1436.78
262646,1300.00,1430.62
262746,1400.00,1390.82
262846,1300.00,1373.63
262946,1300.00,1394.70
263046,1300.00,1360.54
263146,1300.00,1344.09
263246,1400.00,1335.11
263346,1400.00,1345.90
263446,1300.00,1398.60
263546,1300.00,1400.56
263646,1300.00,1360.54
263746,1400.00,1345.90
263846,1300.00,1338.69
263946,1400.00,1369.86
264046,1400.00,1366.12
264146,1300.00,1406.47
264246,1300.00,1404.49
264346,1300.00,1375.52
264446,1300.00,1351.35
264546,1400.00,1331.56
264646,1300.00,1342.28
264746,1400.00,1366.12
264846,1400.00,1360.54
264946,1300.00,1410.44
265046,1300.00,1398.60
265146,1300.00,1379.31
265246,1400.00,1355.01
265346,1400.00,1358.70
265446,1300.00,1392.76
265546,1400.00,1404.49
265646,1400.00,1381.22
265746,1300.00,1406.47
265846,1300.00,1416.43
265946,1300.00,1375.52
266046,1400.00,1355.01
266146,1300.00,1355.01
266246,1300.00,1367.99
266346,1300.00,1349.53
266446,1400.00,1338.69
266546,1300.00,1345.90
266646,1300.00,1375.52
266746,1300.00,1353.18
266846,1400.00,1335.11
266946,1300.00,1344.09
267046,1400.00,1373.63
267146,1300.00,1366.12
267246,1400.00,1375.52
267346,1300.00,1379.31
267446,1400.00,1379.31
267546,1300.00,1369.86
267646,1400.00,1383.13
267746,1300.00,1383.13
267846,1400.00,1390.82
267946,1400.00,1388.89
268046,1400.00,1414.43
268146,1400.00,1420.45
268246,1400.00,1426.53
268346,1400.00,1434.72
268446,1400.00,1443.00
268546,1400.00,1457.73
268646,1400.00,1443.00
268746,1400.00,1447.18
268846,1300.00,1457.73
268946,1400.00,1432.66
269046,1400.00,1398.60
269146,1400.00,1432.66
269246,1400.00,1445.09
269346,1400.00,1451.38
269446,1400.00,1443.00
269546,1400.00,1434.72
269646,1400.00,1449.28
269746,1300.00,1453.49
269846,1400.00,1420.45
269946,1300.00,1402.52
270046,1400.00,1410.44
270146,1400.00,1386.96
270246,1400.00,1426.53
270346,1400.00,1424.50
270446,1400.00,1436.78
270546,1400.00,1430.62
270646,1300.00,1447.18
270746,1400.00,1430.62
270846,1400.00,1400.56
270946,1400.00,1416.43
271046,1300.00,1428.57
271146,1400.00,1416.43
271246,1400.00,1396.65
271346,1400.00,1424.50
271446,1400.00,1440.92
271546,1300.00,1443.00
271646,1400.00,1428.57
271746,1300.00,1402.52
271846,1400.00,1398.60
271946,1300.00,1385.04
272046,1400.00,1390.82
272146,1300.00,1386.96
272246,1400.00,1385.04
272346,1400.00,1386.96
272446,1300.00,1414.43
272546,1400.00,1400.56
272646,1400.00,1392.76
272746,1400.00,1408.45
272846,1400.00,1432.66
272946,1400.00,1438.85
273046,1400.00,1438.85
273146,1400.00,1432.66
273246,1300.00,1438.85
273346,1300.00,1432.66
273446,1400.00,1396.65
273546,1300.00,1373.63
273646,1400.00,1392.76
273746,1400.00,1377.41
273846,1400.00,1404.49
273946,1400.00,1424.50
274046,1400.00,1447.18
274146,1300.00,1440.92
274246,1300.00,1420.45
274346,1300.00,1383.13
274446,1400.00,1360.54
274546,1400.00,1349.53
274646,1300.00,1398.60
274746,1400.00,1410.44
274846,1400.00,1388.89
274946,1400.00,1414.43
275046,1300.00,1420.45
275146,1300.00,1420.45
275246,1400.00,1383.13
275346,1300.00,1373.63
275446,1300.00,1394.70
275546,1300.00,1362.40
275646,1400.00,1345.90
275746,1300.00,1360.54
275846,1400.00,1373.63
275946,1300.00,1366.12
276046,1300.00,1385.04
276146,1300.00,1362.40
276246,1400.00,1329.79
276346,1300.00,1345.90
276446,1400.00,1364.26
276546,1300.00,1356.85
276646,1400.00,1383.13
276746,1400.00,1369.86
276846,1400.00,1414.43
276946,1300.00,1420.45
277046,1400.00,1416.43
277146,1300.00,1390.82
277246,1400.00,1392.76
277346,1400.00,1386.96
277446,1400.00,1420.45
277546,1400.00,1434.72
277646,1300.00,1445.09
277746,1400.00,1430.62
277846,1300.00,1406.47
277946,1400.00,1398.60
278046,1400.00,1394.70
278146,1400.00,1422.48
278246,1300.00,1424.50
278346,1400.00,1414.43
278446,1400.00,1402.52
278546,1300.00,1430.62
278646,1400.00,1408.45
278746,1400.00,1390.82
278846,1400.00,1420.45
278946,1300.00,1422.48
279046,1400.00,1416.43
279146,1300.00,1394.70
279246,1400.00,1412.43
279346,1300.00,1383.13
279446,1300.00,1388.89
279546,1400.00,1369.86
279646,1300.00,1356.85
279746,1400.00,1386.96
279846,1300.00,1377.41
279946,1400.00,1390.82
280046,1400.00,1371.74
280146,1400.00,1410.44
280246,1400.00,1426.53
280346,1300.00,1426.53
280446,1300.00,1416.43
280546,1400.00,1381.22
280646,1400.00,1377.41
280746,1400.00,1410.44
280846,1400.00,1434.72
280946,1300.00,1432.66
281046,1400.00,1430.62
281146,1400.00,1410.44
281246,1300.00,1416.43
281346,1300.00,1416.43
281446,1300.00,1381.22
281546,1300.00,1356.85
281646,1400.00,1335.11
281746,1400.00,1345.90
281846,1300.00,1398.60
281946,1400.00,1404.49
282046,1300.00,1375.52
282146,1300.00,1385.04
282246,1300.00,1367.99
282346,1400.00,1340.48
282446,1400.00,1344.09
282546,1300.00,1400.56
282646,1300.00,1402.52
282746,1300.00,1362.40
282846,1400.00,1347.71
282946,1400.00,1347.71
283046,1300.00,1402.52
283146,1400.00,1404.49
283246,1300.00,1379.31
283346,1300.00,1388.89
283446,1300.00,1364.26
283546,1300.00,1344.09
283646,1400.00,1321.00
283746,1300.00,1331.56
283846,1300.00,1360.54
283946,1300.00,1342.28
284046,1400.00,1326.26
284146,1400.00,1342.28
284246,1300.00,1383.13
284346,1400.00,1388.89
284446,1400.00,1383.13
284546,1300.00,1414.43
284646,1400.00,1402.52
284746,1300.00,1385.04
284846,1400.00,1388.89
284946,1300.00,1390.82
285046,1300.00,1398.60
285146,1300.00,1366.12
285246,1400.00,1353.18
285346,1300.00,1347.71
285446,1300.00,1369.86
285546,1400.00,1353.18
285646,1400.00,1338.69
285746,1400.00,1400.56
285846,1400.00,1418.44
285946,1300.00,1430.62
286046,1400.00,1418.44
286146,1300.00,1410.44
286246,1400.00,1404.49
286346,1300.00,1383.13
286446,1300.00,1390.82
286546,1300.00,1371.74
286646,1400.00,1342.28
286746,1400.00,1362.40
286846,1300.00,1388.89
286946,1400.00,1392.76
287046,1400.00,1390.82
287146,1400.00,1418.44
287246,1400.00,1420.45
287346,1300.00,1432.66
287446,1400.00,1420.45
287546,1300.00,1396.65
287646,1300.00,1406.47
287746,1300.00,1366.12
287846,1400.00,1338.69
287946,1300.00,1353.18
288046,1400.00,1379.31
288146,1400.00,1377.41
288246,1300.00,1412.43
288346,1400.00,1406.47
288446,1400.00,1390.82
288546,1300.00,1414.43
288646,1400.00,1404.49
288746,1300.00,1398.60
288846,1400.00,1392.76
288946,1400.00,1388.89
289046,1300.00,1414.43
289146,1300.00,1404.49
289246,1400.00,1379.31
289346,1300.00,1379.31
289446,1300.00,1379.31
289546,1400.00,1356.85
289646,1400.00,1355.01
289746,1400.00,1400.56
289846,1300.00,1422.48
289946,1300.00,1420.45
290046,1300.00,1375.52
290146,1300.00,1356.85
290246,1400.00,1338.69
290346,1300.00,1335.11
290446,1300.00,1369.86
290546,1300.00,1358.70
290646,1400.00,1322.75
290746,1300.00,1342.28
290846,1300.00,1360.54
290946,1400.00,1355.01
291046,1400.00,1340.48
291146,1300.00,1394.70
291246,1400.00,1402.52
291346,1300.00,1379.31
291446,1400.00,1385.04
291546,1300.00,1388.89
291646,1400.00,1386.96
291746,1300.00,1386.96
291846,1300.00,1392.76
291946,1300.00,1360.54
292046,1300.00,1340.48
292146,1400.00,1329.79
292246,1400.00,1336.90
292346,1400.00,1394.70
292446,1400.00,1426.53
292546,1400.00,1422.48
292646,1400.00,1436.78
292746,1300.00,1443.00
292846,1400.00,1428.57
292946,1400.00,1408.45
293046,1300.00,1416.43
293146,1300.00,1420.45
293246,1400.00,1385.04
293346,1400.00,1371.74
293446,1400.00,1416.43
293546,1400.00,1416.43
293646,1300.00,1426.53
293746,1400.00,1426.53
293846,1300.00,1394.70
293946,1300.00,1402.52
294046,1300.00,1373.63
294146,1300.00,1351.35
294246,1300.00,1329.79
294346,1400.00,1317.52
294446,1400.00,1349.53
294546,1300.00,1392.76
294646,1400.00,1400.56
294746,1400.00,1377.41
294846,1300.00,1404.49
294946,1400.00,1414.43
295046,1400.00,1388.89
295146,1400.00,1430.62
295246,1300.00,1420.45
295346,1300.00,1414.43
295446,1300.00,1377.41
295546,1400.00,1347.71
295646,1300.00,1367.99
295746,1300.00,1369.86
295846,1400.00,1344.09
295946,1300.00,1366.12
296046,1400.00,1371.74
296146,1300.00,1371.74
296246,1300.00,1390.82
296346,1400.00,1360.54
296446,1300.00,1349.53
296546,1400.00,1379.31
296646,1300.00,1375.52
296746,1300.00,1379.31
296846,1400.00,1356.85
296946,1400.00,1358.70
297046,1400.00,1404.49
297146,1300.00,1424.50
297246,1300.00,1408.45
297346,1400.00,1375.52
297446,1400.00,1371.74
297546,1400.00,1398.60
297646,1300.00,1426.53
297746,1300.00,1412.43
297846,1300.00,1375.52
297946,1400.00,1351.35
298046,1300.00,1360.54
298146,1300.00,1367.99
298246,1300.00,1351.35
298346,1300.00,1331.56
298446,1400.00,1321.00
298546,1300.00,1338.69
298646,1300.00,1355.01
298746,1400.00,1344.09
298846,1300.00,1338.69
298946,1400.00,1366.12
299046,1300.00,1366.12
299146,1400.00,1388.89
299246,1400.00,1371.74
299346,1300.00,1416.43
299446,1400.00,1406.47
299546,1300.00,1394.70
299646,1300.00,1402.52
299746,1400.00,1362.40
299846,1400.00,1360.54
299946,1400.00,1410.44
300046,1400.00,1422.48
300146,1300.00,1436.78
300246,1300.00,1426.53
300346,1400.00,1390.82
300446,1400.00,1381.22
300546,1300.00,1408.45
300646,1300.00,1402.52
300746,1300.00,1383.13
300846,1400.00,1356.85
300946,1400.00,1358.70
301046,1300.00,1390.82
301146,1300.00,1394.70
301246,1300.00,1362.40
301346,1300.00,1355.01
301446,1300.00,1336.90
301546,1300.00,1326.26
301646,1400.00,1305.48
301746,1300.00,1322.75
301846,1300.00,1362.40
301946,1300.00,1340.48
302046,1300.00,1333.33
302146,1400.00,1307.19
302246,1400.00,1335.11
302346,1400.00,1379.31
302446,1400.00,1404.49
302546,1300.00,1428.57
302646,1400.00,1418.44
302746,1300.00,1400.56
302846,1400.00,1404.49
302946,1400.00,1379.31
303046,1300.00,1404.49
303146,1300.00,1418.44
303246,1400.00,1379.31
303346,1400.00,1375.52
303446,1300.00,1398.60
303546,1400.00,1412.43
303646,1400.00,1383.13
303746,1400.00,1414.43
303846,1300.00,1428.57
303946,1300.00,1424.50
304046,1300.00,1386.96
304146,1300.00,1356.85
304246,1300.00,1344.09
304346,1300.00,1329.79
304446,1400.00,1308.90
304546,1300.00,1336.90
304646,1400.00,1367.99
304746,1300.00,1362.40
304846,1300.00,1385.04
304946,1400.00,1356.85
305046,1400.00,1345.90
305146,1400.00,1402.52
305246,1400.00,1416.43
305346,1300.00,1432.66
305446,1400.00,1428.57
305546,1400.00,1404.49
305646,1400.00,1424.50
305746,1300.00,1434.72
305846,1300.00,1426.53
305946,1300.00,1390.82
306046,1400.00,1366.12
306146,1400.00,1355.01
306246,1300.00,1402.52
306346,1400.00,1396.65
306446,1300.00,1392.76
306546,1400.00,1396.65
306646,1300.00,1383.13
306746,1300.00,1390.82
306846,1400.00,1356.85
306946,1300.00,1364.26
307046,1300.00,1375.52
307146,1300.00,1349.53
307246,1400.00,1338.69
307346,1400.00,1355.01
307446,1400.00,1392.76
307546,1400.00,1408.45
307646,1300.00,1436.78
307746,1300.00,1428.57
307846,1400.00,1390.82
307946,1300.00,1381.22
308046,1400.00,1388.89
308146,1300.00,1375.52
308246,1300.00,1394.70
308346,1400.00,1366.12
308446,1400.00,1369.86
308546,1300.00,1394.70
308646,1300.00,1398.60
308746,1300.00,1379.31
308846,1400.00,1349.53
308946,1400.00,1355.01
309046,1400.00,1390.82
309146,1300.00,1418.44
309246,1300.00,1410.44
309346,1300.00,1379.31
309446,1300.00,1362.40
309546,1300.00,1336.90
309646,1400.00,1321.00
309746,1300.00,1336.90
309846,1300.00,1367.99
309946,1400.00,1340.48
310046,1300.00,1347.71
310146,1300.00,1371.74
310246,1400.00,1358.70
310346,1400.00,1349.53
310446,1400.00,1396.65
310546,1300.00,1430.62
310646,1400.00,1408.45
310746,1300.00,1390.82
310846,1300.00,1392.76
310946,1400.00,1373.63
311046,1300.00,1371.74
311146,1300.00,1375.52
311246,1300.00,1347.71
311346,1400.00,1349.53
311446,1300.00,1353.18
311546,1400.00,1371.74
311646,1400.00,1369.86
311746,1300.00,1396.65
311846,1300.00,1406.47
311946,1400.00,1366.12
312046,1300.00,1358.70
312146,1400.00,1390.82
312246,1300.00,1377.41
312346,1400.00,1394.70
312446,1400.00,1383.13
312546,1300.00,1412.43
312646,1300.00,1402.52
312746,1300.00,1383.13
312846,1300.00,1360.54
312946,1400.00,1336.90
313046,1400.00,1349.53
313146,1400.00,1383.13
313246,1400.00,1414.43
313346,1300.00,1428.57
313446,1300.00,1424.50
313546,1300.00,1388.89
313646,1400.00,1353.18
313746,1400.00,1355.01
313846,1300.00,1398.60
313946,1300.00,1400.56
314046,1400.00,1375.52
314146,1400.00,1360.54
314246,1300.00,1404.49
314346,1300.00,1394.70
314446,1400.00,1371.74
314546,1300.00,1371.74
314646,1300.00,1375.52
314746,1300.00,1353.18
314846,1300.00,1336.90
314946,1300.00,1331.56
315046,1300.00,1324.50
315146,1300.00,1312.34
315246,1300.00,1308.90
315346,1300.00,1310.62
315446,1400.00,1298.70
315546,1300.00,1326.26
315646,1400.00,1351.35
315746,1400.00,1366.12
315846,1400.00,1390.82
315946,1400.00,1416.43
316046,1400.00,1428.57
316146,1400.00,1436.78
316246,1400.00,1434.72
316346,1300.00,1436.78
316446,1400.00,1432.66
316546,1400.00,1408.45
316646,1300.00,1418.44
316746,1400.00,1414.43
316846,1400.00,1394.70
316946,1400.00,1408.45
317046,1400.00,1424.50
317146,1400.00,1432.66
317246,1300.00,1436.78
317346,1400.00,1420.45
317446,1300.00,1402.52
317546,1300.00,1408.45
317646,1400.00,1362.40
317746,1300.00,1362.40
317846,1400.00,1388.89
317946,1400.00,1377.41
318046,1400.00,1412.43
318146,1300.00,1414.43
318246,1400.00,1420.45
318346,1400.00,1404.49
318446,1300.00,1410.44
318546,1300.00,1422.48
318646,1400.00,1385.04
318746,1400.00,1377.41
318846,1300.00,1408.45
318946,1400.00,1414.43
319046,1300.00,1390.82
319146,1400.00,1398.60
319246,1300.00,1383.13
319346,1300.00,1398.60
319446,1300.00,1360.54
319546,1300.00,1349.53
319646,1300.00,1326.26
319746,1300.00,1329.79
319846,1400.00,1308.90
319946,1400.00,1338.69
320046,1400.00,1388.89
320146,1400.00,1412.43
320246,1300.00,1418.44
320346,1400.00,1414.43
320446,1400.00,1390.82
320546,1400.00,1416.43
320646,1400.00,1430.62
320746,1300.00,1434.72
320846,1300.00,1426.53
320946,1400.00,1381.22
321046,1400.00,1373.63
321146,1300.00,1404.49
321246,1400.00,1412.43
321346,1300.00,1385.04
321446,1400.00,1390.82
321546,1400.00,1386.96
321646,1300.00,1414.43
321746,1300.00,1406.47
321846,1300.00,1367.99
321946,1300.00,1355.01
322046,1300.00,1333.33
322146,1400.00,1312.34
322246,1400.00,1342.28
322346,1400.00,1379.31
322446,1300.00,1404.49
322546,1300.00,1408.45
322646,1300.00,1373.63
322746,1400.00,1340.48
322846,1400.00,1347.71
322946,1400.00,1392.76
323046,1300.00,1414.43
323146,1300.00,1420.45
323246,1400.00,1379.31
323346,1300.00,1377.41
323446,1300.00,1377.41
323546,1400.00,1362.40
323646,1300.00,1356.85
323746,1300.00,1369.86
323846,1400.00,1345.90
323946,1300.00,1353.18
324046,1300.00,1369.86
324146,1300.00,1356.85
324246,1400.00,1331.56
324346,1300.00,1344.09
324446,1300.00,1364.26
324546,1400.00,1336.90
324646,1300.00,1345.90
324746,1300.00,1381.22
324846,1400.00,1349.53
324946,1300.00,1349.53
325046,1400.00,1366.12
325146,1300.00,1360.54
325246,1400.00,1390.82
325346,1300.00,1375.52
325446,1300.00,1392.76
325546,1400.00,1366.12
325646,1300.00,1356.85
325746,1300.00,1385.04
325846,1400.00,1355.01
325946,1400.00,1344.09
326046,1400.00,1390.82
326146,1400.00,1424.50
326246,1400.00,1436.78
326346,1300.00,1428.57
326446,1300.00,1424.50
326546,1400.00,1388.89
326646,1300.00,1375.52
326746,1300.00,1394.70
326846,1300.00,1369.86
326946,1400.00,1338.69
327046,1400.00,1356.85
327146,1400.00,1396.65
327246,1300.00,1422.48
327346,1300.00,1404.49
327446,1300.00,1373.63
327546,1400.00,1342.28
327646,1300.00,1358.70
327746,1400.00,1375.52
327846,1300.00,1366.12
327946,1300.00,1386.96
328046,1400.00,1364.26
328146,1300.00,1345.90
328246,1300.00,1385.04
328346,1400.00,1353.18
328446,1300.00,1351.35
328546,1400.00,1366.12
328646,1400.00,1360.54
328746,1400.00,1412.43
328846,1300.00,1418.44
328946,1300.00,1416.43
329046,1400.00,1386.96
329146,1300.00,1377.41
329246,1300.00,1386.96
329346,1400.00,1369.86
329446,1400.00,1355.01
329546,1300.00,1402.52
329646,1400.00,1402.52
329746,1300.00,1381.22
329846,1300.00,1390.82
329946,1300.00,1369.86
330046,1400.00,1338.69
330146,1300.00,1356.85
330246,1300.00,1377.41
330346,1300.00,1351.35
330446,1300.00,1328.02
330546,1400.00,1328.02
330646,1400.00,1331.56
330746,1300.00,1386.96
330846,1400.00,1394.70
330946,1300.00,1379.31
331046,1400.00,1398.60
331146,1300.00,1375.52
331246,1400.00,1396.65
331346,1400.00,1373.63
331446,1300.00,1412.43
331546,1300.00,1414.43
331646,1300.00,1367.99
331746,1400.00,1351.35
331846,1400.00,1344.09
331946,1400.00,1402.52
332046,1400.00,1410.44
332146,1400.00,1443.00
332246,1300.00,1443.00
332346,1300.00,1432.66
332446,1300.00,1392.76
332546,1400.00,1356.85
332646,1300.00,1360.54
332746,1300.00,1385.04
332846,1400.00,1355.01
332946,1400.00,1360.54
333046,1400.00,1402.52
333146,1300.00,1416.43
333246,1300.00,1414.43
333346,1400.00,1369.86
333446,1300.00,1364.26
333546,1400.00,1379.31
333646,1300.00,1369.86
333746,1300.00,1388.89
333846,1300.00,1358.70
333946,1400.00,1353.18
334046,1300.00,1349.53
334146,1300.00,1364.26
334246,1300.00,1355.01
334346,1400.00,1329.79
334446,1400.00,1336.90
334546,1400.00,1383.13
334646,1300.00,1408.45
334746,1400.00,1420.45
334846,1300.00,1398.60
334946,1400.00,1404.49
335046,1300.00,1379.31
335146,1400.00,1386.96
335246,1300.00,1383.13
335346,1300.00,1383.13
335446,1400.00,1358.70
335546,1300.00,1356.85
335646,1400.00,1385.04
335746,1400.00,1373.63
335846,1400.00,1394.70
335946,1400.00,1426.53
336046,1400.00,1434.72
336146,1400.00,1438.85
336246,1300.00,1451.38
336346,1300.00,1428.57
336446,1400.00,1381.22
336546,1400.00,1369.86
336646,1300.00,1402.52
336746,1400.00,1408.45
336846,1400.00,1381.22
336946,1400.00,1410.44
337046,1400.00,1430.62
337146,1300.00,1440.92
337246,1300.00,1426.53
337346,1300.00,1392.76
337446,1300.00,1351.35
337546,1300.00,1345.90
337646,1400.00,1329.79
337746,1300.00,1342.28
337846,1400.00,1360.54
337946,1400.00,1358.70
338046,1300.00,1406.47
338146,1300.00,1402.52
338246,1400.00,1367.99
338346,1400.00,1364.26
338446,1400.00,1400.56
338546,1300.00,1412.43
338646,1400.00,1408.45
338746,1400.00,1404.49
338846,1300.00,1412.43
338946,1300.00,1416.43
339046,1300.00,1371.74
339146,1300.00,1355.01
339246,1300.00,1347.71
339346,1400.00,1331.56
339446,1300.00,1338.69
339546,1400.00,1355.01
339646,1300.00,1345.90
339746,1300.00,1385.04
339846,1300.00,1356.85
339946,1400.00,1328.02
340046,1400.00,1331.56
340146,1400.00,1383.13
340246,1300.00,1406.47
340346,1400.00,1416.43
340446,1400.00,1398.60
340546,1400.00,1426.53
340646,1300.00,1422.48
340746,1400.00,1414.43
340846,1300.00,1398.60
340946,1300.00,1402.52
341046,1400.00,1366.12
341146,1300.00,1364.26
341246,1400.00,1383.13
341346,1300.00,1379.31
341446,1400.00,1383.13
341546,1300.00,1377.41
341646,1400.00,1381.22
341746,1400.00,1379.31
341846,1300.00,1400.56
341946,1300.00,1414.43
342046,1400.00,1367.99
342146,1400.00,1355.01
342246,1400.00,1402.52
342346,1400.00,1412.43
342446,1400.00,1424.50
342546,1400.00,1428.57
342646,1300.00,1432.66
342746,1300.00,1420.45
342846,1300.00,1388.89
342946,1300.00,1371.74
343046,1300.00,1335.11
343146,1400.00,1335.11
343246,1400.00,1335.11
343346,1400.00,1381.22
343446,1400.00,1406.47
343546,1300.00,1424.50
343646,1300.00,1426.53
343746,1400.00,1385.04
343846,1400.00,1375.52
343946,1400.00,1408.45
344046,1300.00,1428.57
344146,1300.00,1416.43
344246,1400.00,1381.22
344346,1400.00,1377.41
344446,1300.00,1402.52
344546,1300.00,1410.44
344646,1300.00,1366.12
344746,1300.00,1344.09
344846,1400.00,1338.69
344946,1300.00,1336.90
345046,1300.00,1364.26
345146,1300.00,1340.48
345246,1300.00,1328.02
345346,1300.00,1310.62
345446,1300.00,1314.06
345546,1400.00,1300.39
345646,1400.00,1333.33
345746,1300.00,1375.52
345846,1400.00,1386.96
345946,1300.00,1381.22
346046,1400.00,1381.22
346146,1400.00,1383.13
346246,1400.00,1406.47
346346,1400.00,1422.48
346446,1300.00,1432.66
346546,1300.00,1430.62
346646,1300.00,1390.82
346746,1400.00,1362.40
346846,1400.00,1355.01
346946,1400.00,1406.47
347046,1300.00,1416.43
347146,1400.00,1422.48
347246,1400.00,1400.56
347346,1300.00,1428.57
347446,1300.00,1404.49
347546,1400.00,1379.31
347646,1300.00,1366.12
347746,1300.00,1388.89
347846,1400.00,1362.40
347946,1300.00,1353.18
348046,1400.00,1383.13
348146,1300.00,1377.41
348246,1300.00,1377.41
348346,1300.00,1349.53
348446,1300.00,1342.28
348546,1400.00,1324.50
348646,1300.00,1347.71
348746,1300.00,1367.99
348846,1400.00,1340.48
348946,1400.00,1355.01
349046,1400.00,1394.70
349146,1300.00,1420.45
349246,1400.00,1406.47
349346,1400.00,1388.89
349446,1300.00,1410.44
349546,1400.00,1412.43
349646,1300.00,1394.70
349746,1300.00,1398.60
349846,1300.00,1362.40
349946,1400.00,1335.11
350046,1300.00,1347.71
350146,1400.00,1377.41
350246,1300.00,1366.12
350346,1300.00,1383.13
350446,1400.00,1347.71
350546,1400.00,1362.40
350646,1300.00,1390.82
350746,1400.00,1394.70
350846,1300.00,1388.89
350946,1400.00,1394.70
351046,1400.00,1381.22
351146,1400.00,1414.43
351246,1300.00,1424.50
351346,1300.00,1412.43
351446,1300.00,1375.52
351546,1300.00,1351.35
351646,1400.00,1336.90
351746,1400.00,1342.28
351846,1400.00,1394.70
351946,1300.00,1412.43
352046,1400.00,1416.43
352146,1300.00,1383.13
352246,1300.00,1388.89
352346,1400.00,1373.63
352446,1400.00,1366.12
352546,1300.00,1402.52
352646,1300.00,1394.70
352746,1400.00,1375.52
352846,1300.00,1371.74
352946,1400.00,1373.63
353046,1400.00,1366.12
353146,1300.00,1398.60
353246,1300.00,1400.56
353346,1300.00,1367.99
353446,1300.00,1353.18
353546,1300.00,1324.50
353646,1300.00,1315.79
353746,1400.00,1322.75
353846,1400.00,1329.79
353946,1300.00,1373.63
354046,1300.00,1392.76
354146,1300.00,1356.85
354246,1400.00,1342.28
354346,1400.00,1353.18
354446,1400.00,1386.96
354546,1400.00,1410.44
354646,1300.00,1426.53
354746,1300.00,1426.53
354846,1300.00,1388.89
354946,1300.00,1356.85
355046,1400.00,1326.26
355146,1300.00,1338.69
355246,1300.00,1366.12
355346,1400.00,1336.90
355446,1400.00,1344.09
355546,1300.00,1398.60
355646,1300.00,1398.60
355746,1400.00,1366.12
355846,1400.00,1356.85
355946,1300.00,1406.47
356046,1400.00,1410.44
356146,1300.00,1379.31
356246,1300.00,1388.89
356346,1300.00,1371.74
356446,1300.00,1342.28
356546,1300.00,1326.26
356646,1300.00,1310.62
356746,1300.00,1324.50
356846,1300.00,1302.08
356946,1400.00,1315.79
357046,1400.00,1319.26
357146,1300.00,1383.13
357246,1400.00,1385.04
357346,1400.00,1379.31
357446,1400.00,1414.43
357546,1400.00,1426.53
357646,1400.00,1443.00
357746,1400.00,1449.28
357846,1300.00,1436.78
357946,1300.00,1434.72
358046,1300.00,1381.22
358146,1400.00,1356.85
358246,1300.00,1349.53
358346,1400.00,1369.86
358446,1400.00,1364.26
358546,1400.00,1408.45
358646,1400.00,1422.48
358746,1300.00,1434.72
358846,1300.00,1424.50
358946,1400.00,1379.31
359046,1300.00,1366.12
359146,1400.00,1386.96
359246,1400.00,1366.12
359346,1300.00,1414.43
359446,1400.00,1402.52
359546,1400.00,1383.13
359646,1300.00,1406.47
359746,1300.00,1406.47
359846,1300.00,1369.86
359946,1400.00,1342.28
360046,1400.00,1351.35
360146,1300.00,1394.70
360246,1300.00,1398.60
360346,1400.00,1364.26
360446,1300.00,1353.18
360546,1300.00,1386.96
360646,1300.00,1364.26
360746,1400.00,1329.79
360846,1300.00,1344.09
360946,1300.00,1360.54
361046,1300.00,1351.35
361146,1300.00,1324.50
361246,1300.00,1310.62
361346,1400.00,1317.52
361446,1300.00,1319.26
361546,1400.00,1364.26
361646,1300.00,1355.01
361746,1400.00,1383.13
361846,1300.00,1369.86
361946,1400.00,1379.31
362046,1400.00,1377.41
362146,1400.00,1396.65
362246,1300.00,1430.62
362346,1400.00,1414.43
362446,1400.00,1390.82
362546,1400.00,1414.43
362646,1400.00,1426.53
362746,1400.00,1428.57
362846,1400.00,1436.78
362946,1300.00,1436.78
363046,1400.00,1418.44
363146,1300.00,1402.52
363246,1400.00,1410.44
363346,1300.00,1388.89
363446,1400.00,1394.70
363546,1400.00,1383.13
363646,1400.00,1420.45
363746,1400.00,1414.43
363846,1300.00,1430.62
363946,1400.00,1420.45
364046,1400.00,1398.60
364146,1400.00,1412.43
364246,1400.00,1424.50
364346,1400.00,1434.72
364446,1300.00,1432.66
364546,1400.00,1426.53
364646,1400.00,1392.76
364746,1300.00,1428.57
364846,1400.00,1412.43
364946,1300.00,1386.96
365046,1400.00,1394.70
365146,1400.00,1386.96
365246,1400.00,1412.43
365346,1300.00,1422.48
365446,1400.00,1416.43
365546,1300.00,1396.65
365646,1300.00,1400.56
365746,1400.00,1364.26
365846,1400.00,1355.01
365946,1400.00,1400.56
366046,1300.00,1416.43
366146,1400.00,1422.48
366246,1300.00,1394.70
366346,1400.00,1406.47
366446,1400.00,1377.41
366546,1300.00,1406.47
366646,1300.00,1410.44
366746,1300.00,1367.99
366846,1400.00,1342.28
366946,1300.00,1351.35
367046,1400.00,1381.22
367146,1400.00,1367.99
367246,1400.00,1398.60
367346,1300.00,1424.50
367446,1300.00,1408.45
367546,1300.00,1371.74
367646,1400.00,1345.90
367746,1300.00,1356.85
367846,1400.00,1383.13
367946,1400.00,1371.74
368046,1300.00,1398.60
368146,1400.00,1410.44
368246,1300.00,1381.22
368346,1300.00,1390.82
368446,1400.00,1366.12
368546,1300.00,1349.53
368646,1400.00,1381.22
368746,1400.00,1377.41
368846,1300.00,1396.65
368946,1300.00,1408.45
369046,1400.00,1373.63
369146,1400.00,1358.70
369246,1300.00,1404.49
369346,1300.00,1408.45
369446,1400.00,1369.86
369546,1400.00,1367.99
369646,1300.00,1402.52
369746,1300.00,1404.49
369846,1300.00,1377.41
369946,1300.00,1340.48
370046,1300.00,1333.33
370146,1300.00,1319.26
370246,1300.00,1315.79
370346,1300.00,1319.26
370446,1300.00,1310.62
370546,1300.00,1295.34
370646,1300.00,1295.34
370746,1400.00,1303.78
370846,1400.00,1328.02
370946,1400.00,1364.26
371046,1400.00,1404.49
371146,1400.00,1414.43
371246,1400.00,1426.53
371346,1400.00,1432.66
371446,1400.00,1432.66
371546,1400.00,1428.57
371646,1300.00,1434.72
371746,1300.00,1426.53
371846,1400.00,1394.70
371946,1400.00,1371.74
372046,1400.00,1406.47
372146,1400.00,1418.44
372246,1400.00,1422.48
372346,1400.00,1432.66
372446,1400.00,1436.78
372546,1300.00,1434.72
372646,1300.00,1420.45
372746,1300.00,1396.65
372846,1300.00,1366.12
372946,1400.00,1336.90
373046,1400.00,1356.85
373146,1400.00,1390.82
373246,1400.00,1424.50
373346,1400.00,1420.45
373446,1300.00,1424.50
373546,1300.00,1424.50
373646,1400.00,1379.31
373746,1400.00,1358.70
373846,1300.00,1402.52
373946,1300.00,1396.65
374046,1400.00,1369.86
374146,1400.00,1366.12
374246,1400.00,1400.56
374346,1300.00,1422.48
374446,1300.00,1406.47
374546,1300.00,1369.86
374646,1300.00,1345.90
374746,1300.00,1336.90
374846,1300.00,1321.00
374946,1300.00,1303.78
375046,1300.00,1310.62
375146,1400.00,1300.39
375246,1300.00,1308.90
375346,1300.00,1366.12
375446,1400.00,1329.79
375546,1400.00,1333.33
375646,1400.00,1388.89
375746,1400.00,1416.43
375846,1400.00,1418.44
375946,1400.00,1432.66
376046,1300.00,1434.72
376146,1400.00,1426.53
376246,1300.00,1390.82
376346,1300.00,1404.49
376446,1300.00,1369.86
376546,1400.00,1355.01
376646,1400.00,1336.90
376746,1400.00,1383.13
376846,1400.00,1408.45
376946,1300.00,1430.62
377046,1400.00,1424.50
377146,1400.00,1400.56
377246,1300.00,1418.44
377346,1400.00,1410.44
377446,1300.00,1383.13
377546,1300.00,1388.89
377646,1400.00,1373.63
377746,1400.00,1364.26
377846,1300.00,1396.65
377946,1400.00,1392.76
378046,1300.00,1388.89
378146,1300.00,1398.60
378246,1400.00,1369.86
378346,1400.00,1360.54
378446,1300.00,1390.82
378546,1300.00,1394.70
378646,1300.00,1373.63
378746,1300.00,1345.90
378846,1400.00,1335.11
378946,1400.00,1338.69
379046,1300.00,1385.04
379146,1300.00,1394.70
379246,1300.00,1364.26
379346,1300.00,1344.09
379446,1300.00,1328.02
379546,1400.00,1317.52
379646,1400.00,1326.26
379746,1300.00,1385.04
379846,1300.00,1394.70
379946,1300.00,1366.12
380046,1300.00,1342.28
380146,1400.00,1326.26
380246,1400.00,1328.02
380346,1400.00,1379.31
380446,1300.00,1404.49
380546,1300.00,1414.43
380646,1300.00,1381.22
380746,1300.00,1347.71
380846,1400.00,1333.33
380946,1400.00,1340.48
381046,1300.00,1390.82
381146,1300.00,1400.56
381246,1400.00,1362.40
381346,1300.00,1366.12
381446,1300.00,1373.63
381546,1400.00,1355.01
381646,1400.00,1353.18
381746,1300.00,1400.56
381846,1300.00,1406.47
381946,1300.00,1362.40
382046,1300.00,1347.71
382146,1300.00,1322.75
382246,1400.00,1315.79
382346,1300.00,1328.02
382446,1300.00,1353.18
382546,1300.00,1336.90
382646,1300.00,1322.75
382746,1300.00,1319.26
382846,1400.00,1317.52
382946,1400.00,1322.75
383046,1400.00,1379.31
383146,1300.00,1406.47
383246,1400.00,1410.44
383346,1300.00,1388.89
383446,1400.00,1396.65
383546,1400.00,1377.41
383646,1400.00,1414.43
383746,1300.00,1418.44
383846,1300.00,1422.48
383946,1400.00,1386.96
384046,1300.00,1369.86
384146,1400.00,1383.13
384246,1400.00,1373.63
384346,1400.00,1396.65
384446,1300.00,1422.48
384546,1400.00,1414.43
384646,1300.00,1388.89
384746,1300.00,1394.70
384846,1300.00,1373.63
384946,1400.00,1351.35
385046,1400.00,1338.69
385146,1300.00,1381.22
385246,1400.00,1390.82
385346,1300.00,1385.04
385446,1400.00,1383.13
385546,1400.00,1385.04
385646,1300.00,1404.49
385746,1400.00,1414.43
385846,1300.00,1381.22
385946,1300.00,1390.82
386046,1300.00,1373.63
386146,1400.00,1335.11
386246,1400.00,1344.09
386346,1400.00,1394.70
386446,1300.00,1416.43
386546,1300.00,1406.47
386646,1400.00,1371.74
386746,1400.00,1367.99
386846,1300.00,1394.70
386946,1400.00,1414.43
387046,1300.00,1383.13
387146,1300.00,1388.89
387246,1400.00,1364.26
387346,1300.00,1356.85
387446,1300.00,1379.31
387546,1300.00,1364.26
387646,1300.00,1340.48
387746,1300.00,1324.50
387846,1400.00,1322.75
387946,1400.00,1328.02
388046,1300.00,1377.41
388146,1300.00,1398.60
388246,1400.00,1362.40
388346,1300.00,1367.99
388446,1400.00,1383.13
388546,1400.00,1369.86
388646,1400.00,1396.65
388746,1300.00,1426.53
388846,1300.00,1416.43
388946,1300.00,1371.74
389046,1300.00,1351.35
389146,1300.00,1344.09
389246,1400.00,1329.79
389346,1400.00,1329.79
389446,1300.00,1377.41
389546,1400.00,1394.70
389646,1300.00,1373.63
389746,1300.00,1385.04
389846,1400.00,1351.35
389946,1400.00,1345.90
390046,1400.00,1386.96
390146,1300.00,1424.50
390246,1300.00,1408.45
390349,1400.00,1379.31
390449,1400.00,1364.26
390549,1400.00,1408.45
390649,1400.00,1414.43
390749,1400.00,1440.92
390849,1400.00,1434.72
390949,1400.00,1443.00
391049,1400.00,1440.92
391149,1400.00,1447.18
391249,1400.00,1436.78
391349,1400.00,1434.72
391449,1400.00,1432.66
391549,1400.00,1440.92
391649,1400.00,1438.85
391749,1400.00,1434.72
391849,1400.00,1430.62
391949,1400.00,1436.78
392049,1400.00,1440.92
392149,1400.00,1445.09
392249,1400.00,1443.00
392349,1400.00,1438.85
392449,1400.00,1432.66
392549,1400.00,1447.18
392649,1400.00,1443.00
392749,1400.00,1449.28
392849,1400.00,1445.09
392949,1400.00,1438.85
393049,1400.00,1436.78
393149,1400.00,1440.92
393249,1400.00,1445.09
393349,1400.00,1449.28
393449,1400.00,1466.28
393549,1400.00,1477.10
393652,1350.00,1470.59
393752,1350.00,1474.93
393852,1350.00,1445.09
393952,1350.00,1440.92
394052,1350.00,1426.53
394152,1350.00,1418.44
394252,1350.00,1418.44
394352,1350.00,1434.72
394452,1350.00,1416.43
394552,1350.00,1418.44
394652,1350.00,1426.53
394752,1350.00,1416.43
394852,1350.00,1432.66
394952,1350.00,1414.43
395052,1350.00,1418.44
395152,1350.00,1422.48
395252,1350.00,1414.43
395352,1350.00,1426.53
395452,1350.00,1414.43
395552,1350.00,1422.48
395652,1350.00,1414.43
395752,1350.00,1418.44
395852,1350.00,1422.48
395952,1350.00,1420.45
396052,1350.00,1418.44
396152,1350.00,1422.48
396252,1350.00,1416.43
396352,1350.00,1422.48
396452,1350.00,1416.43
396552,1350.00,1428.57
396652,1350.00,1414.43
396752,1350.00,1424.50
396852,1350.00,1422.48
396952,1350.00,1414.43
397052,1350.00,1422.48
397152,1350.00,1414.43
397252,1350.00,1428.57
397352,1350.00,1418.44
397452,1350.00,1418.44
397552,1350.00,1422.48
397652,1350.00,1412.43
397752,1350.00,1426.53
397852,1350.00,1414.43
397952,1350.00,1428.57
398052,1350.00,1414.43
398155,1300.00,1414.43
398255,1300.00,1406.47
398355,1300.00,1390.82
398455,1300.00,1371.74
398555,1300.00,1358.70
398655,1300.00,1338.69
398755,1300.00,1338.69
398855,1300.00,1342.28
398955,1300.00,1342.28
399055,1300.00,1331.56
399155,1300.00,1333.33
399255,1300.00,1328.02
399355,1300.00,1322.75
399455,1300.00,1331.56
399555,1300.00,1328.02
399655,1300.00,1317.52
399755,1300.00,1315.79
399855,1300.00,1331.56
399955,1300.00,1321.00
400055,1300.00,1335.11
400155,1300.00,1317.52
400255,1300.00,1317.52
400355,1300.00,1317.52
400455,1300.00,1319.26
400555,1300.00,1333.33
400655,1300.00,1335.11
400755,1300.00,1322.75
400855,1300.00,1328.02
400955,1300.00,1314.06
401055,1300.00,1315.79
401155,1300.00,1319.26
401255,1300.00,1326.26
401355,1300.00,1326.26
401455,1300.00,1331.56
401555,1300.00,1315.79
401655,1300.00,1322.75
401755,1300.00,1324.50
401855,1300.00,1324.50
401955,1300.00,1324.50
402055,1300.00,1328.02
402155,1300.00,1326.26
402255,1300.00,1322.75
402355,1300.00,1321.00
402455,1300.00,1326.26
402555,1300.00,1326.26
402655,1300.00,1336.90
402758,1250.00,1324.50
402858,1250.00,1300.39
402958,1250.00,1278.77
403058,1250.00,1267.43
403158,1250.00,1243.78
403258,1250.00,1242.24
403358,1250.00,1225.49
403458,1250.00,1221.00
403558,1250.00,1207.73
403658,1250.00,1212.12
403758,1250.00,1207.73
403858,1250.00,1199.04
403958,1250.00,1199.04
404058,1250.00,1207.73
404158,1250.00,1199.04
404258,1250.00,1194.74
404358,1250.00,1201.92
404458,1250.00,1204.82
404558,1250.00,1199.04
404658,1250.00,1197.60
404758,1250.00,1204.82
404858,1250.00,1197.60
404958,1250.00,1193.32
405058,1250.00,1201.92
405158,1250.00,1204.82
405258,1250.00,1193.32
405358,1250.00,1194.74
405458,1250.00,1194.74
405558,1250.00,1207.73
405658,1250.00,1201.92
405758,1250.00,1190.48
405858,1250.00,1194.74
405958,1250.00,1199.04
406058,1250.00,1201.92
406158,1250.00,1193.32
406258,1250.00,1191.90
406358,1250.00,1190.48
406458,1250.00,1201.92
406558,1250.00,1201.92
406658,1250.00,1199.04
406758,1250.00,1191.90
406858,1250.00,1197.60
406958,1250.00,1204.82
407058,1250.00,1201.92
407158,1250.00,1191.90
407258,1250.00,1191.90
407358,1250.00,1194.74
407458,1250.00,1206.27
407558,1250.00,1200.48
407658,1250.00,1190.48
407758,1250.00,1190.48
407858,1250.00,1199.04
407958,1250.00,1203.37
408058,1250.00,1194.74
408158,1250.00,1194.74
408258,1250.00,1194.74
408358,1250.00,1203.37
408458,1250.00,1199.04
408558,1250.00,1196.17
408658,1250.00,1190.48
408758,1250.00,1196.17
408858,1250.00,1199.04
408958,1250.00,1199.04
409058,1250.00,1193.32
409158,1250.00,1190.48
409258,1250.00,1207.73
409358,1250.00,1203.37
409458,1250.00,1197.60
409558,1250.00,1189.06
409658,1250.00,1194.74
409758,1250.00,1201.92
409858,1250.00,1203.37
409958,1250.00,1190.48
410058,1250.00,1191.90
410158,1250.00,1194.74
410258,1250.00,1207.73
410358,1250.00,1203.37
410458,1250.00,1191.90
410558,1250.00,1189.06
410658,1250.00,1199.04
410758,1250.00,1204.82
410858,1250.00,1196.17
410958,1250.00,1193.32
411058,1250.00,1191.90
411158,1250.00,1206.27
411258,1250.00,1200.48
411361,1200.00,1194.74
411461,1200.00,1177.86
411561,1200.00,1136.36
411661,1200.00,1118.57
411761,1200.00,1090.51
411861,1200.00,1077.59
411961,1200.00,1062.70
412061,1200.00,1050.42
412161,1200.00,1040.58
412261,1200.00,1028.81
412361,1200.00,1033.06
412461,1200.00,1021.45
412561,1200.00,1017.29
412661,1200.00,1018.33
412761,1200.00,1018.33
412861,1200.00,1016.26
412961,1200.00,1006.04
413061,1200.00,1008.06
413161,1200.00,1010.10
413261,1200.00,1008.06
413361,1200.00,1012.15
413461,1200.00,1012.15
413561,1200.00,1002.00
413661,1200.00,999.00
413761,1200.00,1003.01
413861,1200.00,1008.06
413961,1200.00,1000.00
414061,1200.00,1003.01
414161,1200.00,1013.17
414261,1200.00,1013.17
414361,1200.00,1000.00
414461,1200.00,1003.01
414561,1200.00,1009.08
414661,1200.00,1010.10
414761,1200.00,998.00
414861,1200.00,1006.04
414961,1200.00,1010.10
415061,1200.00,1007.05
415161,1200.00,1000.00
415261,1200.00,1010.10
415361,1200.00,1013.17
415461,1200.00,996.02
415561,1200.00,1003.01
415661,1200.00,1013.17
415764,1150.00,1000.00
415864,1150.00,988.14
415964,1150.00,946.07
416064,1150.00,914.08
416164,1150.00,892.86
416264,1150.00,863.56
416364,1150.00,836.12
416464,1150.00,827.81
416564,1150.00,812.35
416664,1150.00,795.54
416764,1150.00,794.91
416864,1150.00,777.00
416964,1150.00,775.19
417064,1150.00,771.01
417164,1150.00,765.70
417264,1150.00,756.43
417364,1150.00,759.88
417464,1150.00,760.46
417564,1150.00,756.43
417664,1150.00,758.15
417764,1150.00,754.15
417864,1150.00,750.75
417964,1150.00,746.27
418064,1150.00,750.75
418164,1150.00,747.94
418264,1150.00,751.88
418364,1150.00,743.49
418464,1150.00,751.88
418564,1150.00,750.75
418664,1150.00,745.16
418764,1150.00,746.27
418864,1150.00,746.27
418964,1150.00,747.38
419064,1150.00,751.31
419164,1150.00,745.71
419264,1150.00,744.05
419364,1150.00,747.94
419464,1150.00,746.27
419564,1150.00,742.39
419664,1150.00,749.63
419764,1150.00,747.94
419864,1150.00,741.29
419964,1150.00,749.06
420064,1150.00,744.60
420164,1150.00,741.84
420264,1150.00,746.83
420364,1150.00,744.60
420464,1150.00,743.49
420564,1150.00,746.27
420664,1150.00,746.27
420764,1150.00,746.27
420867,1100.00,744.05
420967,1100.00,733.14
421067,1100.00,685.40
421167,1100.00,643.91
421267,1100.00,599.88
421367,1100.00,564.97
421467,1100.00,540.54
421567,1100.00,516.00
421667,1100.00,489.00
421767,1100.00,471.25
421867,1100.00,454.13
421967,1100.00,442.28
422067,1100.00,432.71
422167,1100.00,423.19
422267,1100.00,415.11
422367,1100.00,405.35
422467,1100.00,403.23
422567,1100.00,394.79
422667,1100.00,390.47
422767,1100.00,389.11
422867,1100.00,387.90
422967,1100.00,385.21
423067,1100.00,384.32
423167,1100.00,381.24
423267,1100.00,378.64
423367,1100.00,378.07
423467,1100.00,376.79
423567,1100.00,378.50
423667,1100.00,377.36
423767,1100.00,374.25
423867,1100.00,373.55
423967,1100.00,377.36
424067,1100.00,377.22
424167,1100.00,374.53
424267,1100.00,373.27
424367,1100.00,376.93
424467,1100.00,374.53
424567,1100.00,373.27
424667,1100.00,377.07
424767,1100.00,376.22
424867,1100.00,374.67
424967,1100.00,373.00
425067,1100.00,376.79
425167,1100.00,376.93
425267,1100.00,373.97
425367,1100.00,376.51
425467,1100.00,376.93
425567,1100.00,372.16
425667,1100.00,373.69
425767,1100.00,376.65
425867,1100.00,374.39
425967,1100.00,374.67
426067,1100.00,375.94
426167,1100.00,373.55
426267,1100.00,372.72
426367,1100.00,375.38
426467,1100.00,373.41
426567,1100.00,373.55
426667,1100.00,376.36
426767,1100.00,375.80
426867,1100.00,374.53
426967,1100.00,372.44
427067,1100.00,376.22
427167,1100.00,377.07
427267,1100.00,372.44
427367,1100.00,372.86
427467,1100.00,375.23
427567,1100.00,373.83
427667,1100.00,372.72
427767,1100.00,375.38
427867,1100.00,374.39
427967,1100.00,374.25
428067,1100.00,375.94
428167,1100.00,373.69
428267,1100.00,372.30
428367,1100.00,375.94
428470,1000.00,374.81
428570,1000.00,356.76
428670,1000.00,308.74
428770,1000.00,266.88
428870,1000.00,225.73
428970,1000.00,191.42
429070,1000.00,154.61
429170,1000.00,125.96
429270,1000.00,97.03
429370,1000.00,70.07
429470,1000.00,54.08
429570,1000.00,14.17
429670,1000.00,14.17
429770,1000.00,14.17
429870,1000.00,14.17
429970,1000.00,14.17
430070,1000.00,14.17
430170,1000.00,14.17
430270,1000.00,14.17
430370,1000.00,14.17
430470,1000.00,14.17
430570,1000.00,14.17
430670,1000.00,14.17
430770,1000.00,14.17
430870,1000.00,14.17
430970,1000.00,14.17
431070,1000.00,14.17
431170,1000.00,14.17
431270,1000.00,14.17
431370,1000.00,14.17
431470,1000.00,14.17
431570,1000.00,14.17
431670,1000.00,14.17
431770,1000.00,14.17
431870,1000.00,14.17
431970,1000.00,14.17
432070,1000.00,14.17
432170,1000.00,14.17
432270,1000.00,14.17
432370,1000.00,14.17
432470,1000.00,14.17
432570,1000.00,14.17
432670,1000.00,14.17
432770,1000.00,14.17
432870,1000.00,14.17
432970,1000.00,14.17
433070,1000.00,14.17
433170,1000.00,14.17
433270,1000.00,14.17
433370,1000.00,14.17
433470,1000.00,14.17
433570,1000.00,14.17
433670,1000.00,14.17
433770,1000.00,14.17
433870,1000.00,14.17
433970,1000.00,14.17
434070,1000.00,14.17
434170,1000.00,14.17
434270,1000.00,14.17
434370,1000.00,14.17
434470,1000.00,14.17
434570,1000.00,14.17
434670,1000.00,14.17
434770,1000.00,14.17
434870,1000.00,14.17
434970,1000.00,14.17
435070,1000.00,14.17
435170,1000.00,14.17
435270,1000.00,14.17
435370,1000.00,14.17
435470,1000.00,14.17
435570,1000.00,14.17
435670,1000.00,14.17
435770,1000.00,14.17
435870,1000.00,14.17
435970,1000.00,14.17
436070,1000.00,14.17
